<?xml version="1.0" encoding="UTF-8"?>
<testsuite name="Choucair Academy Technical Challenge" tests="1" skipped="0" failures="0" errors="0" timestamp="2021-12-11T05:01:45" hostname="DESKTOP-RJ8J7FI" time="29.932">
  <properties/>
  <testcase name="Create my username" classname="Choucair Academy Technical Challenge" time="29.932"/>
  <system-out><![CDATA[]]></system-out>
  <system-err><![CDATA[[Test worker] WARN net.thucydides.core.steps.BaseStepListener - stepStarted: net.thucydides.core.steps.ExecutedStepDescription@400cf2cd
[Test worker] WARN net.thucydides.core.steps.BaseStepListener - stepStarted: net.thucydides.core.steps.ExecutedStepDescription@11e7eb93
[Test worker] WARN net.thucydides.core.steps.BaseStepListener - stepStarted: net.thucydides.core.steps.ExecutedStepDescription@baa325e
dic. 11, 2021 12:01:46 A. M. org.openqa.selenium.remote.DesiredCapabilities chrome
INFORMACIÓN: Using `new ChromeOptions()` is preferred to `DesiredCapabilities.chrome()`
[Test worker] INFO net.serenitybdd.core.webdriver.driverproviders.ProvideNewDriver - Instantiating driver
[Test worker] INFO net.serenitybdd.core.webdriver.driverproviders.ProvideNewDriver - Driver capabilities: Capabilities {acceptInsecureCerts: false, browserName: chrome, chrome.switches: --start-maximized, goog:chromeOptions: {args: [--start-maximized], extensions: []}, loggingPrefs: org.openqa.selenium.logging..., platform: ANY, version: }
Starting ChromeDriver 96.0.4664.45 (76e4c1bb2ab4671b8beba3444e61c0f17584b2fc-refs/branch-heads/4664@{#947}) on port 39374
Only local connections are allowed.
Please see https://chromedriver.chromium.org/security-considerations for suggestions on keeping ChromeDriver safe.
ChromeDriver was started successfully.
dic. 11, 2021 12:01:50 A. M. org.openqa.selenium.remote.ProtocolHandshake createSession
INFORMACIÓN: Detected dialect: W3C
[Test worker] WARN net.thucydides.core.steps.BaseStepListener - stepFinished: current outcome:Create my username:Given nelima wants to fill out the registration form [Nelima open up [nelima opens the Utest page]]
[Test worker] WARN net.thucydides.core.steps.BaseStepListener - stepFinished: current outcome:Create my username:Given nelima wants to fill out the registration form [Nelima open up [nelima opens the Utest page]]
[Test worker] WARN net.thucydides.core.steps.BaseStepListener - stepFinished: current outcome:Create my username:Given nelima wants to fill out the registration form [Nelima open up [nelima opens the Utest page]]
[Test worker] WARN net.thucydides.core.steps.BaseStepListener - stepStarted: net.thucydides.core.steps.ExecutedStepDescription@21b1d84
[Test worker] WARN net.thucydides.core.steps.BaseStepListener - stepStarted: net.thucydides.core.steps.ExecutedStepDescription@553572e9
[Test worker] WARN net.thucydides.core.steps.BaseStepListener - stepStarted: net.thucydides.core.steps.ExecutedStepDescription@9c9677b
[Test worker] WARN net.thucydides.core.steps.BaseStepListener - stepFinished: current outcome:Create my username:Given nelima wants to fill out the registration form [Nelima open up [nelima opens the Utest page]], When nelima enter the form data - about yourself
| strName | strLastName | strEmail | strLanguage | strBirthMonth | strBirthDay | strBirthYear |
| Neyla | Martinez | nelima39@hotmail.com | Spanish | November | 28 | 1986 | [Nelima register [nelima clicks on Button that shows us the registration form]]
[Test worker] WARN net.thucydides.core.steps.BaseStepListener - stepStarted: net.thucydides.core.steps.ExecutedStepDescription@1b98946e
[Test worker] WARN net.thucydides.core.steps.BaseStepListener - stepFinished: current outcome:Create my username:Given nelima wants to fill out the registration form [Nelima open up [nelima opens the Utest page]], When nelima enter the form data - about yourself
| strName | strLastName | strEmail | strLanguage | strBirthMonth | strBirthDay | strBirthYear |
| Neyla | Martinez | nelima39@hotmail.com | Spanish | November | 28 | 1986 | [Nelima register [nelima clicks on Button that shows us the registration form, nelima enters 'Neyla' into Where do we write the first name]]
[Test worker] WARN net.thucydides.core.steps.BaseStepListener - stepStarted: net.thucydides.core.steps.ExecutedStepDescription@70bb75a2
[Test worker] WARN net.thucydides.core.steps.BaseStepListener - stepFinished: current outcome:Create my username:Given nelima wants to fill out the registration form [Nelima open up [nelima opens the Utest page]], When nelima enter the form data - about yourself
| strName | strLastName | strEmail | strLanguage | strBirthMonth | strBirthDay | strBirthYear |
| Neyla | Martinez | nelima39@hotmail.com | Spanish | November | 28 | 1986 | [Nelima register [nelima clicks on Button that shows us the registration form, nelima enters 'Neyla' into Where do we write the first name, nelima enters 'Martinez' into Where do we write the last name]]
[Test worker] WARN net.thucydides.core.steps.BaseStepListener - stepStarted: net.thucydides.core.steps.ExecutedStepDescription@5fd7c373
[Test worker] WARN net.thucydides.core.steps.BaseStepListener - stepFinished: current outcome:Create my username:Given nelima wants to fill out the registration form [Nelima open up [nelima opens the Utest page]], When nelima enter the form data - about yourself
| strName | strLastName | strEmail | strLanguage | strBirthMonth | strBirthDay | strBirthYear |
| Neyla | Martinez | nelima39@hotmail.com | Spanish | November | 28 | 1986 | [Nelima register [nelima clicks on Button that shows us the registration form, nelima enters 'Neyla' into Where do we write the first name, nelima enters 'Martinez' into Where do we write the last name, nelima enters 'nelima39@hotmail.com' into Where do we write the E-mail]]
[Test worker] WARN net.thucydides.core.steps.BaseStepListener - stepStarted: net.thucydides.core.steps.ExecutedStepDescription@169c6012
[Test worker] WARN net.thucydides.core.steps.BaseStepListener - stepFinished: current outcome:Create my username:Given nelima wants to fill out the registration form [Nelima open up [nelima opens the Utest page]], When nelima enter the form data - about yourself
| strName | strLastName | strEmail | strLanguage | strBirthMonth | strBirthDay | strBirthYear |
| Neyla | Martinez | nelima39@hotmail.com | Spanish | November | 28 | 1986 | [Nelima register [nelima clicks on Button that shows us the registration form, nelima enters 'Neyla' into Where do we write the first name, nelima enters 'Martinez' into Where do we write the last name, nelima enters 'nelima39@hotmail.com' into Where do we write the E-mail, nelima select November on Where do we write the birth month]]
[Test worker] WARN net.thucydides.core.steps.BaseStepListener - stepStarted: net.thucydides.core.steps.ExecutedStepDescription@2d7f9d7d
[Test worker] WARN net.thucydides.core.steps.BaseStepListener - stepFinished: current outcome:Create my username:Given nelima wants to fill out the registration form [Nelima open up [nelima opens the Utest page]], When nelima enter the form data - about yourself
| strName | strLastName | strEmail | strLanguage | strBirthMonth | strBirthDay | strBirthYear |
| Neyla | Martinez | nelima39@hotmail.com | Spanish | November | 28 | 1986 | [Nelima register [nelima clicks on Button that shows us the registration form, nelima enters 'Neyla' into Where do we write the first name, nelima enters 'Martinez' into Where do we write the last name, nelima enters 'nelima39@hotmail.com' into Where do we write the E-mail, nelima select November on Where do we write the birth month, nelima select 28 on Where do we write the birth day]]
[Test worker] WARN net.thucydides.core.steps.BaseStepListener - stepStarted: net.thucydides.core.steps.ExecutedStepDescription@258c3175
[Test worker] WARN net.thucydides.core.steps.BaseStepListener - stepFinished: current outcome:Create my username:Given nelima wants to fill out the registration form [Nelima open up [nelima opens the Utest page]], When nelima enter the form data - about yourself
| strName | strLastName | strEmail | strLanguage | strBirthMonth | strBirthDay | strBirthYear |
| Neyla | Martinez | nelima39@hotmail.com | Spanish | November | 28 | 1986 | [Nelima register [nelima clicks on Button that shows us the registration form, nelima enters 'Neyla' into Where do we write the first name, nelima enters 'Martinez' into Where do we write the last name, nelima enters 'nelima39@hotmail.com' into Where do we write the E-mail, nelima select November on Where do we write the birth month, nelima select 28 on Where do we write the birth day, nelima select 1986 on Where do we write the birth year]]
[Test worker] WARN net.thucydides.core.steps.BaseStepListener - stepStarted: net.thucydides.core.steps.ExecutedStepDescription@2a778dae
[Test worker] WARN net.thucydides.core.steps.BaseStepListener - stepFinished: current outcome:Create my username:Given nelima wants to fill out the registration form [Nelima open up [nelima opens the Utest page]], When nelima enter the form data - about yourself
| strName | strLastName | strEmail | strLanguage | strBirthMonth | strBirthDay | strBirthYear |
| Neyla | Martinez | nelima39@hotmail.com | Spanish | November | 28 | 1986 | [Nelima register [nelima clicks on Button that shows us the registration form, nelima enters 'Neyla' into Where do we write the first name, nelima enters 'Martinez' into Where do we write the last name, nelima enters 'nelima39@hotmail.com' into Where do we write the E-mail, nelima select November on Where do we write the birth month, nelima select 28 on Where do we write the birth day, nelima select 1986 on Where do we write the birth year, nelima enters 'Spanish' into Where do we write the language]]
[Test worker] WARN net.thucydides.core.steps.BaseStepListener - stepStarted: net.thucydides.core.steps.ExecutedStepDescription@49f2bd6e
[Test worker] WARN net.thucydides.core.steps.BaseStepListener - stepFinished: current outcome:Create my username:Given nelima wants to fill out the registration form [Nelima open up [nelima opens the Utest page]], When nelima enter the form data - about yourself
| strName | strLastName | strEmail | strLanguage | strBirthMonth | strBirthDay | strBirthYear |
| Neyla | Martinez | nelima39@hotmail.com | Spanish | November | 28 | 1986 | [Nelima register [nelima clicks on Button that shows us the registration form, nelima enters 'Neyla' into Where do we write the first name, nelima enters 'Martinez' into Where do we write the last name, nelima enters 'nelima39@hotmail.com' into Where do we write the E-mail, nelima select November on Where do we write the birth month, nelima select 28 on Where do we write the birth day, nelima select 1986 on Where do we write the birth year, nelima enters 'Spanish' into Where do we write the language, nelima clicks on Button that shows us the your address form]]
[Test worker] WARN net.thucydides.core.steps.BaseStepListener - stepFinished: current outcome:Create my username:Given nelima wants to fill out the registration form [Nelima open up [nelima opens the Utest page]], When nelima enter the form data - about yourself
| strName | strLastName | strEmail | strLanguage | strBirthMonth | strBirthDay | strBirthYear |
| Neyla | Martinez | nelima39@hotmail.com | Spanish | November | 28 | 1986 | [Nelima register [nelima clicks on Button that shows us the registration form, nelima enters 'Neyla' into Where do we write the first name, nelima enters 'Martinez' into Where do we write the last name, nelima enters 'nelima39@hotmail.com' into Where do we write the E-mail, nelima select November on Where do we write the birth month, nelima select 28 on Where do we write the birth day, nelima select 1986 on Where do we write the birth year, nelima enters 'Spanish' into Where do we write the language, nelima clicks on Button that shows us the your address form]]
[Test worker] WARN net.thucydides.core.steps.BaseStepListener - stepFinished: current outcome:Create my username:Given nelima wants to fill out the registration form [Nelima open up [nelima opens the Utest page]], When nelima enter the form data - about yourself
| strName | strLastName | strEmail | strLanguage | strBirthMonth | strBirthDay | strBirthYear |
| Neyla | Martinez | nelima39@hotmail.com | Spanish | November | 28 | 1986 | [Nelima register [nelima clicks on Button that shows us the registration form, nelima enters 'Neyla' into Where do we write the first name, nelima enters 'Martinez' into Where do we write the last name, nelima enters 'nelima39@hotmail.com' into Where do we write the E-mail, nelima select November on Where do we write the birth month, nelima select 28 on Where do we write the birth day, nelima select 1986 on Where do we write the birth year, nelima enters 'Spanish' into Where do we write the language, nelima clicks on Button that shows us the your address form]]
[Test worker] WARN net.thucydides.core.steps.BaseStepListener - stepStarted: net.thucydides.core.steps.ExecutedStepDescription@642c2f98
[Test worker] WARN net.thucydides.core.steps.BaseStepListener - stepStarted: net.thucydides.core.steps.ExecutedStepDescription@7bd5ba70
[Test worker] WARN net.thucydides.core.steps.BaseStepListener - stepStarted: net.thucydides.core.steps.ExecutedStepDescription@582e5cfc
[Test worker] WARN net.thucydides.core.steps.BaseStepListener - stepFinished: current outcome:Create my username:Given nelima wants to fill out the registration form [Nelima open up [nelima opens the Utest page]], When nelima enter the form data - about yourself
| strName | strLastName | strEmail | strLanguage | strBirthMonth | strBirthDay | strBirthYear |
| Neyla | Martinez | nelima39@hotmail.com | Spanish | November | 28 | 1986 | [Nelima register [nelima clicks on Button that shows us the registration form, nelima enters 'Neyla' into Where do we write the first name, nelima enters 'Martinez' into Where do we write the last name, nelima enters 'nelima39@hotmail.com' into Where do we write the E-mail, nelima select November on Where do we write the birth month, nelima select 28 on Where do we write the birth day, nelima select 1986 on Where do we write the birth year, nelima enters 'Spanish' into Where do we write the language, nelima clicks on Button that shows us the your address form]], And nelima enter the form data - your address
| strCity | strCodePostal | strCountry |
| Bucaramanga | 680001 | Colombia | [Nelima address user [nelima enters 'Bucaramanga' into Where do we write the City]]
[Test worker] WARN net.thucydides.core.steps.BaseStepListener - stepStarted: net.thucydides.core.steps.ExecutedStepDescription@3e14fbcc
[Test worker] WARN net.thucydides.core.steps.BaseStepListener - stepFinished: current outcome:Create my username:Given nelima wants to fill out the registration form [Nelima open up [nelima opens the Utest page]], When nelima enter the form data - about yourself
| strName | strLastName | strEmail | strLanguage | strBirthMonth | strBirthDay | strBirthYear |
| Neyla | Martinez | nelima39@hotmail.com | Spanish | November | 28 | 1986 | [Nelima register [nelima clicks on Button that shows us the registration form, nelima enters 'Neyla' into Where do we write the first name, nelima enters 'Martinez' into Where do we write the last name, nelima enters 'nelima39@hotmail.com' into Where do we write the E-mail, nelima select November on Where do we write the birth month, nelima select 28 on Where do we write the birth day, nelima select 1986 on Where do we write the birth year, nelima enters 'Spanish' into Where do we write the language, nelima clicks on Button that shows us the your address form]], And nelima enter the form data - your address
| strCity | strCodePostal | strCountry |
| Bucaramanga | 680001 | Colombia | [Nelima address user [nelima enters 'Bucaramanga' into Where do we write the City, nelima enters '680001' into Where do we write the postal code]]
[Test worker] WARN net.thucydides.core.steps.BaseStepListener - stepStarted: net.thucydides.core.steps.ExecutedStepDescription@2c929e65
[Test worker] WARN net.thucydides.core.steps.BaseStepListener - stepFinished: current outcome:Create my username:Given nelima wants to fill out the registration form [Nelima open up [nelima opens the Utest page]], When nelima enter the form data - about yourself
| strName | strLastName | strEmail | strLanguage | strBirthMonth | strBirthDay | strBirthYear |
| Neyla | Martinez | nelima39@hotmail.com | Spanish | November | 28 | 1986 | [Nelima register [nelima clicks on Button that shows us the registration form, nelima enters 'Neyla' into Where do we write the first name, nelima enters 'Martinez' into Where do we write the last name, nelima enters 'nelima39@hotmail.com' into Where do we write the E-mail, nelima select November on Where do we write the birth month, nelima select 28 on Where do we write the birth day, nelima select 1986 on Where do we write the birth year, nelima enters 'Spanish' into Where do we write the language, nelima clicks on Button that shows us the your address form]], And nelima enter the form data - your address
| strCity | strCodePostal | strCountry |
| Bucaramanga | 680001 | Colombia | [Nelima address user [nelima enters 'Bucaramanga' into Where do we write the City, nelima enters '680001' into Where do we write the postal code, nelima clicks on Where do we selected the country]]
[Test worker] WARN net.thucydides.core.steps.BaseStepListener - stepStarted: net.thucydides.core.steps.ExecutedStepDescription@414ebfa4
[Test worker] WARN net.thucydides.core.steps.BaseStepListener - stepFinished: current outcome:Create my username:Given nelima wants to fill out the registration form [Nelima open up [nelima opens the Utest page]], When nelima enter the form data - about yourself
| strName | strLastName | strEmail | strLanguage | strBirthMonth | strBirthDay | strBirthYear |
| Neyla | Martinez | nelima39@hotmail.com | Spanish | November | 28 | 1986 | [Nelima register [nelima clicks on Button that shows us the registration form, nelima enters 'Neyla' into Where do we write the first name, nelima enters 'Martinez' into Where do we write the last name, nelima enters 'nelima39@hotmail.com' into Where do we write the E-mail, nelima select November on Where do we write the birth month, nelima select 28 on Where do we write the birth day, nelima select 1986 on Where do we write the birth year, nelima enters 'Spanish' into Where do we write the language, nelima clicks on Button that shows us the your address form]], And nelima enter the form data - your address
| strCity | strCodePostal | strCountry |
| Bucaramanga | 680001 | Colombia | [Nelima address user [nelima enters 'Bucaramanga' into Where do we write the City, nelima enters '680001' into Where do we write the postal code, nelima clicks on Where do we selected the country, nelima clicks on Where do we list the country]]
[Test worker] WARN net.thucydides.core.steps.BaseStepListener - stepStarted: net.thucydides.core.steps.ExecutedStepDescription@2e7e82d2
[Test worker] WARN net.thucydides.core.steps.BaseStepListener - stepFinished: current outcome:Create my username:Given nelima wants to fill out the registration form [Nelima open up [nelima opens the Utest page]], When nelima enter the form data - about yourself
| strName | strLastName | strEmail | strLanguage | strBirthMonth | strBirthDay | strBirthYear |
| Neyla | Martinez | nelima39@hotmail.com | Spanish | November | 28 | 1986 | [Nelima register [nelima clicks on Button that shows us the registration form, nelima enters 'Neyla' into Where do we write the first name, nelima enters 'Martinez' into Where do we write the last name, nelima enters 'nelima39@hotmail.com' into Where do we write the E-mail, nelima select November on Where do we write the birth month, nelima select 28 on Where do we write the birth day, nelima select 1986 on Where do we write the birth year, nelima enters 'Spanish' into Where do we write the language, nelima clicks on Button that shows us the your address form]], And nelima enter the form data - your address
| strCity | strCodePostal | strCountry |
| Bucaramanga | 680001 | Colombia | [Nelima address user [nelima enters 'Bucaramanga' into Where do we write the City, nelima enters '680001' into Where do we write the postal code, nelima clicks on Where do we selected the country, nelima clicks on Where do we list the country, nelima enters 'Colombia' into Where do we write the postal code]]
[Test worker] WARN net.thucydides.core.steps.BaseStepListener - stepStarted: net.thucydides.core.steps.ExecutedStepDescription@716f9a79
[Test worker] WARN net.thucydides.core.steps.BaseStepListener - stepFinished: current outcome:Create my username:Given nelima wants to fill out the registration form [Nelima open up [nelima opens the Utest page]], When nelima enter the form data - about yourself
| strName | strLastName | strEmail | strLanguage | strBirthMonth | strBirthDay | strBirthYear |
| Neyla | Martinez | nelima39@hotmail.com | Spanish | November | 28 | 1986 | [Nelima register [nelima clicks on Button that shows us the registration form, nelima enters 'Neyla' into Where do we write the first name, nelima enters 'Martinez' into Where do we write the last name, nelima enters 'nelima39@hotmail.com' into Where do we write the E-mail, nelima select November on Where do we write the birth month, nelima select 28 on Where do we write the birth day, nelima select 1986 on Where do we write the birth year, nelima enters 'Spanish' into Where do we write the language, nelima clicks on Button that shows us the your address form]], And nelima enter the form data - your address
| strCity | strCodePostal | strCountry |
| Bucaramanga | 680001 | Colombia | [Nelima address user [nelima enters 'Bucaramanga' into Where do we write the City, nelima enters '680001' into Where do we write the postal code, nelima clicks on Where do we selected the country, nelima clicks on Where do we list the country, nelima enters 'Colombia' into Where do we write the postal code, nelima clicks on Button that shows us the your devices form]]
[Test worker] WARN net.thucydides.core.steps.BaseStepListener - stepFinished: current outcome:Create my username:Given nelima wants to fill out the registration form [Nelima open up [nelima opens the Utest page]], When nelima enter the form data - about yourself
| strName | strLastName | strEmail | strLanguage | strBirthMonth | strBirthDay | strBirthYear |
| Neyla | Martinez | nelima39@hotmail.com | Spanish | November | 28 | 1986 | [Nelima register [nelima clicks on Button that shows us the registration form, nelima enters 'Neyla' into Where do we write the first name, nelima enters 'Martinez' into Where do we write the last name, nelima enters 'nelima39@hotmail.com' into Where do we write the E-mail, nelima select November on Where do we write the birth month, nelima select 28 on Where do we write the birth day, nelima select 1986 on Where do we write the birth year, nelima enters 'Spanish' into Where do we write the language, nelima clicks on Button that shows us the your address form]], And nelima enter the form data - your address
| strCity | strCodePostal | strCountry |
| Bucaramanga | 680001 | Colombia | [Nelima address user [nelima enters 'Bucaramanga' into Where do we write the City, nelima enters '680001' into Where do we write the postal code, nelima clicks on Where do we selected the country, nelima clicks on Where do we list the country, nelima enters 'Colombia' into Where do we write the postal code, nelima clicks on Button that shows us the your devices form]]
[Test worker] WARN net.thucydides.core.steps.BaseStepListener - stepFinished: current outcome:Create my username:Given nelima wants to fill out the registration form [Nelima open up [nelima opens the Utest page]], When nelima enter the form data - about yourself
| strName | strLastName | strEmail | strLanguage | strBirthMonth | strBirthDay | strBirthYear |
| Neyla | Martinez | nelima39@hotmail.com | Spanish | November | 28 | 1986 | [Nelima register [nelima clicks on Button that shows us the registration form, nelima enters 'Neyla' into Where do we write the first name, nelima enters 'Martinez' into Where do we write the last name, nelima enters 'nelima39@hotmail.com' into Where do we write the E-mail, nelima select November on Where do we write the birth month, nelima select 28 on Where do we write the birth day, nelima select 1986 on Where do we write the birth year, nelima enters 'Spanish' into Where do we write the language, nelima clicks on Button that shows us the your address form]], And nelima enter the form data - your address
| strCity | strCodePostal | strCountry |
| Bucaramanga | 680001 | Colombia | [Nelima address user [nelima enters 'Bucaramanga' into Where do we write the City, nelima enters '680001' into Where do we write the postal code, nelima clicks on Where do we selected the country, nelima clicks on Where do we list the country, nelima enters 'Colombia' into Where do we write the postal code, nelima clicks on Button that shows us the your devices form]]
[Test worker] WARN net.thucydides.core.steps.BaseStepListener - stepStarted: net.thucydides.core.steps.ExecutedStepDescription@9a2b9dd
[Test worker] WARN net.thucydides.core.steps.BaseStepListener - stepFinished: current outcome:Create my username:Given nelima wants to fill out the registration form [Nelima open up [nelima opens the Utest page]], When nelima enter the form data - about yourself
| strName | strLastName | strEmail | strLanguage | strBirthMonth | strBirthDay | strBirthYear |
| Neyla | Martinez | nelima39@hotmail.com | Spanish | November | 28 | 1986 | [Nelima register [nelima clicks on Button that shows us the registration form, nelima enters 'Neyla' into Where do we write the first name, nelima enters 'Martinez' into Where do we write the last name, nelima enters 'nelima39@hotmail.com' into Where do we write the E-mail, nelima select November on Where do we write the birth month, nelima select 28 on Where do we write the birth day, nelima select 1986 on Where do we write the birth year, nelima enters 'Spanish' into Where do we write the language, nelima clicks on Button that shows us the your address form]], And nelima enter the form data - your address
| strCity | strCodePostal | strCountry |
| Bucaramanga | 680001 | Colombia | [Nelima address user [nelima enters 'Bucaramanga' into Where do we write the City, nelima enters '680001' into Where do we write the postal code, nelima clicks on Where do we selected the country, nelima clicks on Where do we list the country, nelima enters 'Colombia' into Where do we write the postal code, nelima clicks on Button that shows us the your devices form]], Then nelima creates her username
[Test worker] WARN net.thucydides.core.steps.BaseStepListener - testFinished: Create my username:Given nelima wants to fill out the registration form [Nelima open up [nelima opens the Utest page]], When nelima enter the form data - about yourself
| strName | strLastName | strEmail | strLanguage | strBirthMonth | strBirthDay | strBirthYear |
| Neyla | Martinez | nelima39@hotmail.com | Spanish | November | 28 | 1986 | [Nelima register [nelima clicks on Button that shows us the registration form, nelima enters 'Neyla' into Where do we write the first name, nelima enters 'Martinez' into Where do we write the last name, nelima enters 'nelima39@hotmail.com' into Where do we write the E-mail, nelima select November on Where do we write the birth month, nelima select 28 on Where do we write the birth day, nelima select 1986 on Where do we write the birth year, nelima enters 'Spanish' into Where do we write the language, nelima clicks on Button that shows us the your address form]], And nelima enter the form data - your address
| strCity | strCodePostal | strCountry |
| Bucaramanga | 680001 | Colombia | [Nelima address user [nelima enters 'Bucaramanga' into Where do we write the City, nelima enters '680001' into Where do we write the postal code, nelima clicks on Where do we selected the country, nelima clicks on Where do we list the country, nelima enters 'Colombia' into Where do we write the postal code, nelima clicks on Button that shows us the your devices form]], Then nelima creates her username
[Test worker] WARN net.thucydides.core.steps.BaseStepListener - TestOutcomes: [Create my username:Given nelima wants to fill out the registration form [Nelima open up [nelima opens the Utest page]], When nelima enter the form data - about yourself
| strName | strLastName | strEmail | strLanguage | strBirthMonth | strBirthDay | strBirthYear |
| Neyla | Martinez | nelima39@hotmail.com | Spanish | November | 28 | 1986 | [Nelima register [nelima clicks on Button that shows us the registration form, nelima enters 'Neyla' into Where do we write the first name, nelima enters 'Martinez' into Where do we write the last name, nelima enters 'nelima39@hotmail.com' into Where do we write the E-mail, nelima select November on Where do we write the birth month, nelima select 28 on Where do we write the birth day, nelima select 1986 on Where do we write the birth year, nelima enters 'Spanish' into Where do we write the language, nelima clicks on Button that shows us the your address form]], And nelima enter the form data - your address
| strCity | strCodePostal | strCountry |
| Bucaramanga | 680001 | Colombia | [Nelima address user [nelima enters 'Bucaramanga' into Where do we write the City, nelima enters '680001' into Where do we write the postal code, nelima clicks on Where do we selected the country, nelima clicks on Where do we list the country, nelima enters 'Colombia' into Where do we write the postal code, nelima clicks on Button that shows us the your devices form]], Then nelima creates her username]
[Test worker] WARN net.thucydides.core.steps.BaseStepListener - Final testOutcomes: [Create my username:Given nelima wants to fill out the registration form [Nelima open up [nelima opens the Utest page]], When nelima enter the form data - about yourself
| strName | strLastName | strEmail | strLanguage | strBirthMonth | strBirthDay | strBirthYear |
| Neyla | Martinez | nelima39@hotmail.com | Spanish | November | 28 | 1986 | [Nelima register [nelima clicks on Button that shows us the registration form, nelima enters 'Neyla' into Where do we write the first name, nelima enters 'Martinez' into Where do we write the last name, nelima enters 'nelima39@hotmail.com' into Where do we write the E-mail, nelima select November on Where do we write the birth month, nelima select 28 on Where do we write the birth day, nelima select 1986 on Where do we write the birth year, nelima enters 'Spanish' into Where do we write the language, nelima clicks on Button that shows us the your address form]], And nelima enter the form data - your address
| strCity | strCodePostal | strCountry |
| Bucaramanga | 680001 | Colombia | [Nelima address user [nelima enters 'Bucaramanga' into Where do we write the City, nelima enters '680001' into Where do we write the postal code, nelima clicks on Where do we selected the country, nelima clicks on Where do we list the country, nelima enters 'Colombia' into Where do we write the postal code, nelima clicks on Button that shows us the your devices form]], Then nelima creates her username]
[Test worker] INFO net.thucydides.core.steps.ConsoleLoggingListener - 
        __    _____ _____ ____ _____   ____   _    ____  ____  _____ ____  
  _     \ \  |_   _| ____/ ___|_   _| |  _ \ / \  / ___|/ ___|| ____|  _ \ 
 (_)_____| |   | | |  _| \___ \ | |   | |_) / _ \ \___ \\___ \|  _| | | | |
  _|_____| |   | | | |___ ___) || |   |  __/ ___ \ ___) |___) | |___| |_| |
 (_)     | |   |_| |_____|____/ |_|   |_| /_/   \_\____/|____/|_____|____/ 
        /_/                                                                

TEST PASSED: Create my username
----------------------------------------------------------------------------
]]></system-err>
</testsuite>
