<?xml version="1.0" encoding="UTF-8"?>
<testsuite name="Choucair Academy Technical Challenge" tests="1" skipped="0" failures="0" errors="0" timestamp="2021-12-15T23:57:29" hostname="DESKTOP-RJ8J7FI" time="66.219">
  <properties/>
  <testcase name="Create my user on Utest.com" classname="Choucair Academy Technical Challenge" time="66.219"/>
  <system-out><![CDATA[]]></system-out>
  <system-err><![CDATA[[Test worker] WARN net.thucydides.core.steps.BaseStepListener - stepStarted: net.thucydides.core.steps.ExecutedStepDescription@2214402
[Test worker] WARN net.thucydides.core.steps.BaseStepListener - stepStarted: net.thucydides.core.steps.ExecutedStepDescription@59de3a6c
[Test worker] WARN net.thucydides.core.steps.BaseStepListener - stepStarted: net.thucydides.core.steps.ExecutedStepDescription@71177d4f
dic. 15, 2021 6:57:30 P. M. org.openqa.selenium.remote.DesiredCapabilities chrome
INFORMACIÓN: Using `new ChromeOptions()` is preferred to `DesiredCapabilities.chrome()`
[Test worker] INFO net.serenitybdd.core.webdriver.driverproviders.ProvideNewDriver - Instantiating driver
[Test worker] INFO net.serenitybdd.core.webdriver.driverproviders.ProvideNewDriver - Driver capabilities: Capabilities {acceptInsecureCerts: false, browserName: chrome, chrome.switches: --start-maximized, goog:chromeOptions: {args: [--start-maximized], extensions: []}, loggingPrefs: org.openqa.selenium.logging..., platform: ANY, version: }
Starting ChromeDriver 96.0.4664.45 (76e4c1bb2ab4671b8beba3444e61c0f17584b2fc-refs/branch-heads/4664@{#947}) on port 31251
Only local connections are allowed.
Please see https://chromedriver.chromium.org/security-considerations for suggestions on keeping ChromeDriver safe.
ChromeDriver was started successfully.
dic. 15, 2021 6:57:34 P. M. org.openqa.selenium.remote.ProtocolHandshake createSession
INFORMACIÓN: Detected dialect: W3C
[Test worker] WARN net.thucydides.core.steps.BaseStepListener - stepFinished: current outcome:Create my user on Utest.com:Given nelima wants to create her username on Utest.com [Nelima open up [nelima opens the Utest page]]
[Test worker] WARN net.thucydides.core.steps.BaseStepListener - stepFinished: current outcome:Create my user on Utest.com:Given nelima wants to create her username on Utest.com [Nelima open up [nelima opens the Utest page]]
[Test worker] WARN net.thucydides.core.steps.BaseStepListener - stepFinished: current outcome:Create my user on Utest.com:Given nelima wants to create her username on Utest.com [Nelima open up [nelima opens the Utest page]]
[Test worker] WARN net.thucydides.core.steps.BaseStepListener - stepStarted: net.thucydides.core.steps.ExecutedStepDescription@6b952525
[Test worker] WARN net.thucydides.core.steps.BaseStepListener - stepStarted: net.thucydides.core.steps.ExecutedStepDescription@369bdba2
[Test worker] WARN net.thucydides.core.steps.BaseStepListener - stepStarted: net.thucydides.core.steps.ExecutedStepDescription@2ea2ef62
[Test worker] WARN net.thucydides.core.steps.BaseStepListener - stepFinished: current outcome:Create my user on Utest.com:Given nelima wants to create her username on Utest.com [Nelima open up [nelima opens the Utest page]], When nelima registers the form data - about you
| strName | strLastName | strEmail | strLanguage | strBirthMonth | strBirthDay | strBirthYear |
| Fabio | Rojas | fabiorojas7@hotmail.com | Spanish | January | 9 | 1981 | [Nelima register [nelima clicks on Button that shows us the registration form]]
[Test worker] WARN net.thucydides.core.steps.BaseStepListener - stepStarted: net.thucydides.core.steps.ExecutedStepDescription@584eb645
[Test worker] WARN net.thucydides.core.steps.BaseStepListener - stepFinished: current outcome:Create my user on Utest.com:Given nelima wants to create her username on Utest.com [Nelima open up [nelima opens the Utest page]], When nelima registers the form data - about you
| strName | strLastName | strEmail | strLanguage | strBirthMonth | strBirthDay | strBirthYear |
| Fabio | Rojas | fabiorojas7@hotmail.com | Spanish | January | 9 | 1981 | [Nelima register [nelima clicks on Button that shows us the registration form, nelima enters 'Fabio' into Where do we write the first name]]
[Test worker] WARN net.thucydides.core.steps.BaseStepListener - stepStarted: net.thucydides.core.steps.ExecutedStepDescription@1af5b52d
[Test worker] WARN net.thucydides.core.steps.BaseStepListener - stepFinished: current outcome:Create my user on Utest.com:Given nelima wants to create her username on Utest.com [Nelima open up [nelima opens the Utest page]], When nelima registers the form data - about you
| strName | strLastName | strEmail | strLanguage | strBirthMonth | strBirthDay | strBirthYear |
| Fabio | Rojas | fabiorojas7@hotmail.com | Spanish | January | 9 | 1981 | [Nelima register [nelima clicks on Button that shows us the registration form, nelima enters 'Fabio' into Where do we write the first name, nelima enters 'Rojas' into Where do we write the last name]]
[Test worker] WARN net.thucydides.core.steps.BaseStepListener - stepStarted: net.thucydides.core.steps.ExecutedStepDescription@3b469065
[Test worker] WARN net.thucydides.core.steps.BaseStepListener - stepFinished: current outcome:Create my user on Utest.com:Given nelima wants to create her username on Utest.com [Nelima open up [nelima opens the Utest page]], When nelima registers the form data - about you
| strName | strLastName | strEmail | strLanguage | strBirthMonth | strBirthDay | strBirthYear |
| Fabio | Rojas | fabiorojas7@hotmail.com | Spanish | January | 9 | 1981 | [Nelima register [nelima clicks on Button that shows us the registration form, nelima enters 'Fabio' into Where do we write the first name, nelima enters 'Rojas' into Where do we write the last name, nelima enters 'fabiorojas7@hotmail.com' into Where do we write the E-mail]]
[Test worker] WARN net.thucydides.core.steps.BaseStepListener - stepStarted: net.thucydides.core.steps.ExecutedStepDescription@3b521dce
[Test worker] WARN net.thucydides.core.steps.BaseStepListener - stepFinished: current outcome:Create my user on Utest.com:Given nelima wants to create her username on Utest.com [Nelima open up [nelima opens the Utest page]], When nelima registers the form data - about you
| strName | strLastName | strEmail | strLanguage | strBirthMonth | strBirthDay | strBirthYear |
| Fabio | Rojas | fabiorojas7@hotmail.com | Spanish | January | 9 | 1981 | [Nelima register [nelima clicks on Button that shows us the registration form, nelima enters 'Fabio' into Where do we write the first name, nelima enters 'Rojas' into Where do we write the last name, nelima enters 'fabiorojas7@hotmail.com' into Where do we write the E-mail, nelima select January on Where do we write the birth month]]
[Test worker] WARN net.thucydides.core.steps.BaseStepListener - stepStarted: net.thucydides.core.steps.ExecutedStepDescription@950789d
[Test worker] WARN net.thucydides.core.steps.BaseStepListener - stepFinished: current outcome:Create my user on Utest.com:Given nelima wants to create her username on Utest.com [Nelima open up [nelima opens the Utest page]], When nelima registers the form data - about you
| strName | strLastName | strEmail | strLanguage | strBirthMonth | strBirthDay | strBirthYear |
| Fabio | Rojas | fabiorojas7@hotmail.com | Spanish | January | 9 | 1981 | [Nelima register [nelima clicks on Button that shows us the registration form, nelima enters 'Fabio' into Where do we write the first name, nelima enters 'Rojas' into Where do we write the last name, nelima enters 'fabiorojas7@hotmail.com' into Where do we write the E-mail, nelima select January on Where do we write the birth month, nelima select 9 on Where do we write the birth day]]
[Test worker] WARN net.thucydides.core.steps.BaseStepListener - stepStarted: net.thucydides.core.steps.ExecutedStepDescription@7c267c68
[Test worker] WARN net.thucydides.core.steps.BaseStepListener - stepFinished: current outcome:Create my user on Utest.com:Given nelima wants to create her username on Utest.com [Nelima open up [nelima opens the Utest page]], When nelima registers the form data - about you
| strName | strLastName | strEmail | strLanguage | strBirthMonth | strBirthDay | strBirthYear |
| Fabio | Rojas | fabiorojas7@hotmail.com | Spanish | January | 9 | 1981 | [Nelima register [nelima clicks on Button that shows us the registration form, nelima enters 'Fabio' into Where do we write the first name, nelima enters 'Rojas' into Where do we write the last name, nelima enters 'fabiorojas7@hotmail.com' into Where do we write the E-mail, nelima select January on Where do we write the birth month, nelima select 9 on Where do we write the birth day, nelima select 1981 on Where do we write the birth year]]
[Test worker] WARN net.thucydides.core.steps.BaseStepListener - stepStarted: net.thucydides.core.steps.ExecutedStepDescription@5cd4ff7b
[Test worker] WARN net.thucydides.core.steps.BaseStepListener - stepFinished: current outcome:Create my user on Utest.com:Given nelima wants to create her username on Utest.com [Nelima open up [nelima opens the Utest page]], When nelima registers the form data - about you
| strName | strLastName | strEmail | strLanguage | strBirthMonth | strBirthDay | strBirthYear |
| Fabio | Rojas | fabiorojas7@hotmail.com | Spanish | January | 9 | 1981 | [Nelima register [nelima clicks on Button that shows us the registration form, nelima enters 'Fabio' into Where do we write the first name, nelima enters 'Rojas' into Where do we write the last name, nelima enters 'fabiorojas7@hotmail.com' into Where do we write the E-mail, nelima select January on Where do we write the birth month, nelima select 9 on Where do we write the birth day, nelima select 1981 on Where do we write the birth year, nelima enters 'Spanish' into Where do we write the language]]
[Test worker] WARN net.thucydides.core.steps.BaseStepListener - stepStarted: net.thucydides.core.steps.ExecutedStepDescription@23236be7
[Test worker] WARN net.thucydides.core.steps.BaseStepListener - stepFinished: current outcome:Create my user on Utest.com:Given nelima wants to create her username on Utest.com [Nelima open up [nelima opens the Utest page]], When nelima registers the form data - about you
| strName | strLastName | strEmail | strLanguage | strBirthMonth | strBirthDay | strBirthYear |
| Fabio | Rojas | fabiorojas7@hotmail.com | Spanish | January | 9 | 1981 | [Nelima register [nelima clicks on Button that shows us the registration form, nelima enters 'Fabio' into Where do we write the first name, nelima enters 'Rojas' into Where do we write the last name, nelima enters 'fabiorojas7@hotmail.com' into Where do we write the E-mail, nelima select January on Where do we write the birth month, nelima select 9 on Where do we write the birth day, nelima select 1981 on Where do we write the birth year, nelima enters 'Spanish' into Where do we write the language, nelima clicks on Button that shows us the your address form]]
[Test worker] WARN net.thucydides.core.steps.BaseStepListener - stepFinished: current outcome:Create my user on Utest.com:Given nelima wants to create her username on Utest.com [Nelima open up [nelima opens the Utest page]], When nelima registers the form data - about you
| strName | strLastName | strEmail | strLanguage | strBirthMonth | strBirthDay | strBirthYear |
| Fabio | Rojas | fabiorojas7@hotmail.com | Spanish | January | 9 | 1981 | [Nelima register [nelima clicks on Button that shows us the registration form, nelima enters 'Fabio' into Where do we write the first name, nelima enters 'Rojas' into Where do we write the last name, nelima enters 'fabiorojas7@hotmail.com' into Where do we write the E-mail, nelima select January on Where do we write the birth month, nelima select 9 on Where do we write the birth day, nelima select 1981 on Where do we write the birth year, nelima enters 'Spanish' into Where do we write the language, nelima clicks on Button that shows us the your address form]]
[Test worker] WARN net.thucydides.core.steps.BaseStepListener - stepFinished: current outcome:Create my user on Utest.com:Given nelima wants to create her username on Utest.com [Nelima open up [nelima opens the Utest page]], When nelima registers the form data - about you
| strName | strLastName | strEmail | strLanguage | strBirthMonth | strBirthDay | strBirthYear |
| Fabio | Rojas | fabiorojas7@hotmail.com | Spanish | January | 9 | 1981 | [Nelima register [nelima clicks on Button that shows us the registration form, nelima enters 'Fabio' into Where do we write the first name, nelima enters 'Rojas' into Where do we write the last name, nelima enters 'fabiorojas7@hotmail.com' into Where do we write the E-mail, nelima select January on Where do we write the birth month, nelima select 9 on Where do we write the birth day, nelima select 1981 on Where do we write the birth year, nelima enters 'Spanish' into Where do we write the language, nelima clicks on Button that shows us the your address form]]
[Test worker] WARN net.thucydides.core.steps.BaseStepListener - stepStarted: net.thucydides.core.steps.ExecutedStepDescription@2c579fba
[Test worker] WARN net.thucydides.core.steps.BaseStepListener - stepStarted: net.thucydides.core.steps.ExecutedStepDescription@4c91953e
[Test worker] WARN net.thucydides.core.steps.BaseStepListener - stepStarted: net.thucydides.core.steps.ExecutedStepDescription@5b2062e9
[Test worker] WARN net.thucydides.core.steps.BaseStepListener - stepFinished: current outcome:Create my user on Utest.com:Given nelima wants to create her username on Utest.com [Nelima open up [nelima opens the Utest page]], When nelima registers the form data - about you
| strName | strLastName | strEmail | strLanguage | strBirthMonth | strBirthDay | strBirthYear |
| Fabio | Rojas | fabiorojas7@hotmail.com | Spanish | January | 9 | 1981 | [Nelima register [nelima clicks on Button that shows us the registration form, nelima enters 'Fabio' into Where do we write the first name, nelima enters 'Rojas' into Where do we write the last name, nelima enters 'fabiorojas7@hotmail.com' into Where do we write the E-mail, nelima select January on Where do we write the birth month, nelima select 9 on Where do we write the birth day, nelima select 1981 on Where do we write the birth year, nelima enters 'Spanish' into Where do we write the language, nelima clicks on Button that shows us the your address form]], And nelima registers the form data - your address
| strCity | strCodePostal | strCountry |
| Cúcuta | 540001 | Colombia | [Nelima address user [nelima enters 'Cúcuta' into Where do we write the City]]
[Test worker] WARN net.thucydides.core.steps.BaseStepListener - stepStarted: net.thucydides.core.steps.ExecutedStepDescription@69ee440f
[Test worker] WARN net.thucydides.core.steps.BaseStepListener - stepFinished: current outcome:Create my user on Utest.com:Given nelima wants to create her username on Utest.com [Nelima open up [nelima opens the Utest page]], When nelima registers the form data - about you
| strName | strLastName | strEmail | strLanguage | strBirthMonth | strBirthDay | strBirthYear |
| Fabio | Rojas | fabiorojas7@hotmail.com | Spanish | January | 9 | 1981 | [Nelima register [nelima clicks on Button that shows us the registration form, nelima enters 'Fabio' into Where do we write the first name, nelima enters 'Rojas' into Where do we write the last name, nelima enters 'fabiorojas7@hotmail.com' into Where do we write the E-mail, nelima select January on Where do we write the birth month, nelima select 9 on Where do we write the birth day, nelima select 1981 on Where do we write the birth year, nelima enters 'Spanish' into Where do we write the language, nelima clicks on Button that shows us the your address form]], And nelima registers the form data - your address
| strCity | strCodePostal | strCountry |
| Cúcuta | 540001 | Colombia | [Nelima address user [nelima enters 'Cúcuta' into Where do we write the City, nelima enters '540001' into Where do we write the postal code]]
[Test worker] WARN net.thucydides.core.steps.BaseStepListener - stepStarted: net.thucydides.core.steps.ExecutedStepDescription@5ebeed9b
[Test worker] WARN net.thucydides.core.steps.BaseStepListener - stepFinished: current outcome:Create my user on Utest.com:Given nelima wants to create her username on Utest.com [Nelima open up [nelima opens the Utest page]], When nelima registers the form data - about you
| strName | strLastName | strEmail | strLanguage | strBirthMonth | strBirthDay | strBirthYear |
| Fabio | Rojas | fabiorojas7@hotmail.com | Spanish | January | 9 | 1981 | [Nelima register [nelima clicks on Button that shows us the registration form, nelima enters 'Fabio' into Where do we write the first name, nelima enters 'Rojas' into Where do we write the last name, nelima enters 'fabiorojas7@hotmail.com' into Where do we write the E-mail, nelima select January on Where do we write the birth month, nelima select 9 on Where do we write the birth day, nelima select 1981 on Where do we write the birth year, nelima enters 'Spanish' into Where do we write the language, nelima clicks on Button that shows us the your address form]], And nelima registers the form data - your address
| strCity | strCodePostal | strCountry |
| Cúcuta | 540001 | Colombia | [Nelima address user [nelima enters 'Cúcuta' into Where do we write the City, nelima enters '540001' into Where do we write the postal code, nelima clicks on Where do we enable the country list]]
[Test worker] WARN net.thucydides.core.steps.BaseStepListener - stepStarted: net.thucydides.core.steps.ExecutedStepDescription@2634707a
[Test worker] WARN net.thucydides.core.steps.BaseStepListener - stepFinished: current outcome:Create my user on Utest.com:Given nelima wants to create her username on Utest.com [Nelima open up [nelima opens the Utest page]], When nelima registers the form data - about you
| strName | strLastName | strEmail | strLanguage | strBirthMonth | strBirthDay | strBirthYear |
| Fabio | Rojas | fabiorojas7@hotmail.com | Spanish | January | 9 | 1981 | [Nelima register [nelima clicks on Button that shows us the registration form, nelima enters 'Fabio' into Where do we write the first name, nelima enters 'Rojas' into Where do we write the last name, nelima enters 'fabiorojas7@hotmail.com' into Where do we write the E-mail, nelima select January on Where do we write the birth month, nelima select 9 on Where do we write the birth day, nelima select 1981 on Where do we write the birth year, nelima enters 'Spanish' into Where do we write the language, nelima clicks on Button that shows us the your address form]], And nelima registers the form data - your address
| strCity | strCodePostal | strCountry |
| Cúcuta | 540001 | Colombia | [Nelima address user [nelima enters 'Cúcuta' into Where do we write the City, nelima enters '540001' into Where do we write the postal code, nelima clicks on Where do we enable the country list, nelima enters 'Colombia' into Where do we selected the country]]
[Test worker] WARN net.thucydides.core.steps.BaseStepListener - stepStarted: net.thucydides.core.steps.ExecutedStepDescription@24348f61
[Test worker] WARN net.thucydides.core.steps.BaseStepListener - stepFinished: current outcome:Create my user on Utest.com:Given nelima wants to create her username on Utest.com [Nelima open up [nelima opens the Utest page]], When nelima registers the form data - about you
| strName | strLastName | strEmail | strLanguage | strBirthMonth | strBirthDay | strBirthYear |
| Fabio | Rojas | fabiorojas7@hotmail.com | Spanish | January | 9 | 1981 | [Nelima register [nelima clicks on Button that shows us the registration form, nelima enters 'Fabio' into Where do we write the first name, nelima enters 'Rojas' into Where do we write the last name, nelima enters 'fabiorojas7@hotmail.com' into Where do we write the E-mail, nelima select January on Where do we write the birth month, nelima select 9 on Where do we write the birth day, nelima select 1981 on Where do we write the birth year, nelima enters 'Spanish' into Where do we write the language, nelima clicks on Button that shows us the your address form]], And nelima registers the form data - your address
| strCity | strCodePostal | strCountry |
| Cúcuta | 540001 | Colombia | [Nelima address user [nelima enters 'Cúcuta' into Where do we write the City, nelima enters '540001' into Where do we write the postal code, nelima clicks on Where do we enable the country list, nelima enters 'Colombia' into Where do we selected the country, nelima clicks on Button that shows us the your devices form]]
[Test worker] WARN net.thucydides.core.steps.BaseStepListener - stepFinished: current outcome:Create my user on Utest.com:Given nelima wants to create her username on Utest.com [Nelima open up [nelima opens the Utest page]], When nelima registers the form data - about you
| strName | strLastName | strEmail | strLanguage | strBirthMonth | strBirthDay | strBirthYear |
| Fabio | Rojas | fabiorojas7@hotmail.com | Spanish | January | 9 | 1981 | [Nelima register [nelima clicks on Button that shows us the registration form, nelima enters 'Fabio' into Where do we write the first name, nelima enters 'Rojas' into Where do we write the last name, nelima enters 'fabiorojas7@hotmail.com' into Where do we write the E-mail, nelima select January on Where do we write the birth month, nelima select 9 on Where do we write the birth day, nelima select 1981 on Where do we write the birth year, nelima enters 'Spanish' into Where do we write the language, nelima clicks on Button that shows us the your address form]], And nelima registers the form data - your address
| strCity | strCodePostal | strCountry |
| Cúcuta | 540001 | Colombia | [Nelima address user [nelima enters 'Cúcuta' into Where do we write the City, nelima enters '540001' into Where do we write the postal code, nelima clicks on Where do we enable the country list, nelima enters 'Colombia' into Where do we selected the country, nelima clicks on Button that shows us the your devices form]]
[Test worker] WARN net.thucydides.core.steps.BaseStepListener - stepFinished: current outcome:Create my user on Utest.com:Given nelima wants to create her username on Utest.com [Nelima open up [nelima opens the Utest page]], When nelima registers the form data - about you
| strName | strLastName | strEmail | strLanguage | strBirthMonth | strBirthDay | strBirthYear |
| Fabio | Rojas | fabiorojas7@hotmail.com | Spanish | January | 9 | 1981 | [Nelima register [nelima clicks on Button that shows us the registration form, nelima enters 'Fabio' into Where do we write the first name, nelima enters 'Rojas' into Where do we write the last name, nelima enters 'fabiorojas7@hotmail.com' into Where do we write the E-mail, nelima select January on Where do we write the birth month, nelima select 9 on Where do we write the birth day, nelima select 1981 on Where do we write the birth year, nelima enters 'Spanish' into Where do we write the language, nelima clicks on Button that shows us the your address form]], And nelima registers the form data - your address
| strCity | strCodePostal | strCountry |
| Cúcuta | 540001 | Colombia | [Nelima address user [nelima enters 'Cúcuta' into Where do we write the City, nelima enters '540001' into Where do we write the postal code, nelima clicks on Where do we enable the country list, nelima enters 'Colombia' into Where do we selected the country, nelima clicks on Button that shows us the your devices form]]
[Test worker] WARN net.thucydides.core.steps.BaseStepListener - stepStarted: net.thucydides.core.steps.ExecutedStepDescription@392b1d20
[Test worker] WARN net.thucydides.core.steps.BaseStepListener - stepStarted: net.thucydides.core.steps.ExecutedStepDescription@78f9bc72
[Test worker] WARN net.thucydides.core.steps.BaseStepListener - stepStarted: net.thucydides.core.steps.ExecutedStepDescription@60a0ce1c
[Test worker] WARN net.thucydides.core.steps.BaseStepListener - stepFinished: current outcome:Create my user on Utest.com:Given nelima wants to create her username on Utest.com [Nelima open up [nelima opens the Utest page]], When nelima registers the form data - about you
| strName | strLastName | strEmail | strLanguage | strBirthMonth | strBirthDay | strBirthYear |
| Fabio | Rojas | fabiorojas7@hotmail.com | Spanish | January | 9 | 1981 | [Nelima register [nelima clicks on Button that shows us the registration form, nelima enters 'Fabio' into Where do we write the first name, nelima enters 'Rojas' into Where do we write the last name, nelima enters 'fabiorojas7@hotmail.com' into Where do we write the E-mail, nelima select January on Where do we write the birth month, nelima select 9 on Where do we write the birth day, nelima select 1981 on Where do we write the birth year, nelima enters 'Spanish' into Where do we write the language, nelima clicks on Button that shows us the your address form]], And nelima registers the form data - your address
| strCity | strCodePostal | strCountry |
| Cúcuta | 540001 | Colombia | [Nelima address user [nelima enters 'Cúcuta' into Where do we write the City, nelima enters '540001' into Where do we write the postal code, nelima clicks on Where do we enable the country list, nelima enters 'Colombia' into Where do we selected the country, nelima clicks on Button that shows us the your devices form]], And nelima registers the form data - your devices
| strComputer | strVersion | strPcLanguage | strMovil | strMovilModel | strMovilModelSO |
| Windows | 10 | Spanish | Realme | C3 | Android 10 | [Nelima devices user [nelima clicks on Where do we enable S.O. list]]
[Test worker] WARN net.thucydides.core.steps.BaseStepListener - stepStarted: net.thucydides.core.steps.ExecutedStepDescription@67ee5396
[Test worker] WARN net.thucydides.core.steps.BaseStepListener - stepFinished: current outcome:Create my user on Utest.com:Given nelima wants to create her username on Utest.com [Nelima open up [nelima opens the Utest page]], When nelima registers the form data - about you
| strName | strLastName | strEmail | strLanguage | strBirthMonth | strBirthDay | strBirthYear |
| Fabio | Rojas | fabiorojas7@hotmail.com | Spanish | January | 9 | 1981 | [Nelima register [nelima clicks on Button that shows us the registration form, nelima enters 'Fabio' into Where do we write the first name, nelima enters 'Rojas' into Where do we write the last name, nelima enters 'fabiorojas7@hotmail.com' into Where do we write the E-mail, nelima select January on Where do we write the birth month, nelima select 9 on Where do we write the birth day, nelima select 1981 on Where do we write the birth year, nelima enters 'Spanish' into Where do we write the language, nelima clicks on Button that shows us the your address form]], And nelima registers the form data - your address
| strCity | strCodePostal | strCountry |
| Cúcuta | 540001 | Colombia | [Nelima address user [nelima enters 'Cúcuta' into Where do we write the City, nelima enters '540001' into Where do we write the postal code, nelima clicks on Where do we enable the country list, nelima enters 'Colombia' into Where do we selected the country, nelima clicks on Button that shows us the your devices form]], And nelima registers the form data - your devices
| strComputer | strVersion | strPcLanguage | strMovil | strMovilModel | strMovilModelSO |
| Windows | 10 | Spanish | Realme | C3 | Android 10 | [Nelima devices user [nelima clicks on Where do we enable S.O. list, nelima enters 'Windows' into Where do we selected the S.O. ]]
[Test worker] WARN net.thucydides.core.steps.BaseStepListener - stepStarted: net.thucydides.core.steps.ExecutedStepDescription@3a3d361c
[Test worker] WARN net.thucydides.core.steps.BaseStepListener - stepFinished: current outcome:Create my user on Utest.com:Given nelima wants to create her username on Utest.com [Nelima open up [nelima opens the Utest page]], When nelima registers the form data - about you
| strName | strLastName | strEmail | strLanguage | strBirthMonth | strBirthDay | strBirthYear |
| Fabio | Rojas | fabiorojas7@hotmail.com | Spanish | January | 9 | 1981 | [Nelima register [nelima clicks on Button that shows us the registration form, nelima enters 'Fabio' into Where do we write the first name, nelima enters 'Rojas' into Where do we write the last name, nelima enters 'fabiorojas7@hotmail.com' into Where do we write the E-mail, nelima select January on Where do we write the birth month, nelima select 9 on Where do we write the birth day, nelima select 1981 on Where do we write the birth year, nelima enters 'Spanish' into Where do we write the language, nelima clicks on Button that shows us the your address form]], And nelima registers the form data - your address
| strCity | strCodePostal | strCountry |
| Cúcuta | 540001 | Colombia | [Nelima address user [nelima enters 'Cúcuta' into Where do we write the City, nelima enters '540001' into Where do we write the postal code, nelima clicks on Where do we enable the country list, nelima enters 'Colombia' into Where do we selected the country, nelima clicks on Button that shows us the your devices form]], And nelima registers the form data - your devices
| strComputer | strVersion | strPcLanguage | strMovil | strMovilModel | strMovilModelSO |
| Windows | 10 | Spanish | Realme | C3 | Android 10 | [Nelima devices user [nelima clicks on Where do we enable S.O. list, nelima enters 'Windows' into Where do we selected the S.O. , nelima clicks on Where do we enable the list computer version]]
[Test worker] WARN net.thucydides.core.steps.BaseStepListener - stepStarted: net.thucydides.core.steps.ExecutedStepDescription@5b9f5058
[Test worker] WARN net.thucydides.core.steps.BaseStepListener - stepFinished: current outcome:Create my user on Utest.com:Given nelima wants to create her username on Utest.com [Nelima open up [nelima opens the Utest page]], When nelima registers the form data - about you
| strName | strLastName | strEmail | strLanguage | strBirthMonth | strBirthDay | strBirthYear |
| Fabio | Rojas | fabiorojas7@hotmail.com | Spanish | January | 9 | 1981 | [Nelima register [nelima clicks on Button that shows us the registration form, nelima enters 'Fabio' into Where do we write the first name, nelima enters 'Rojas' into Where do we write the last name, nelima enters 'fabiorojas7@hotmail.com' into Where do we write the E-mail, nelima select January on Where do we write the birth month, nelima select 9 on Where do we write the birth day, nelima select 1981 on Where do we write the birth year, nelima enters 'Spanish' into Where do we write the language, nelima clicks on Button that shows us the your address form]], And nelima registers the form data - your address
| strCity | strCodePostal | strCountry |
| Cúcuta | 540001 | Colombia | [Nelima address user [nelima enters 'Cúcuta' into Where do we write the City, nelima enters '540001' into Where do we write the postal code, nelima clicks on Where do we enable the country list, nelima enters 'Colombia' into Where do we selected the country, nelima clicks on Button that shows us the your devices form]], And nelima registers the form data - your devices
| strComputer | strVersion | strPcLanguage | strMovil | strMovilModel | strMovilModelSO |
| Windows | 10 | Spanish | Realme | C3 | Android 10 | [Nelima devices user [nelima clicks on Where do we enable S.O. list, nelima enters 'Windows' into Where do we selected the S.O. , nelima clicks on Where do we enable the list computer version, nelima enters '10' into Where do we selected the computer version]]
[Test worker] WARN net.thucydides.core.steps.BaseStepListener - stepStarted: net.thucydides.core.steps.ExecutedStepDescription@45fde0d8
[Test worker] WARN net.thucydides.core.steps.BaseStepListener - stepFinished: current outcome:Create my user on Utest.com:Given nelima wants to create her username on Utest.com [Nelima open up [nelima opens the Utest page]], When nelima registers the form data - about you
| strName | strLastName | strEmail | strLanguage | strBirthMonth | strBirthDay | strBirthYear |
| Fabio | Rojas | fabiorojas7@hotmail.com | Spanish | January | 9 | 1981 | [Nelima register [nelima clicks on Button that shows us the registration form, nelima enters 'Fabio' into Where do we write the first name, nelima enters 'Rojas' into Where do we write the last name, nelima enters 'fabiorojas7@hotmail.com' into Where do we write the E-mail, nelima select January on Where do we write the birth month, nelima select 9 on Where do we write the birth day, nelima select 1981 on Where do we write the birth year, nelima enters 'Spanish' into Where do we write the language, nelima clicks on Button that shows us the your address form]], And nelima registers the form data - your address
| strCity | strCodePostal | strCountry |
| Cúcuta | 540001 | Colombia | [Nelima address user [nelima enters 'Cúcuta' into Where do we write the City, nelima enters '540001' into Where do we write the postal code, nelima clicks on Where do we enable the country list, nelima enters 'Colombia' into Where do we selected the country, nelima clicks on Button that shows us the your devices form]], And nelima registers the form data - your devices
| strComputer | strVersion | strPcLanguage | strMovil | strMovilModel | strMovilModelSO |
| Windows | 10 | Spanish | Realme | C3 | Android 10 | [Nelima devices user [nelima clicks on Where do we enable S.O. list, nelima enters 'Windows' into Where do we selected the S.O. , nelima clicks on Where do we enable the list computer version, nelima enters '10' into Where do we selected the computer version, nelima clicks on Where do we enable the version languages list]]
[Test worker] WARN net.thucydides.core.steps.BaseStepListener - stepStarted: net.thucydides.core.steps.ExecutedStepDescription@71d51e7d
[Test worker] WARN net.thucydides.core.steps.BaseStepListener - stepFinished: current outcome:Create my user on Utest.com:Given nelima wants to create her username on Utest.com [Nelima open up [nelima opens the Utest page]], When nelima registers the form data - about you
| strName | strLastName | strEmail | strLanguage | strBirthMonth | strBirthDay | strBirthYear |
| Fabio | Rojas | fabiorojas7@hotmail.com | Spanish | January | 9 | 1981 | [Nelima register [nelima clicks on Button that shows us the registration form, nelima enters 'Fabio' into Where do we write the first name, nelima enters 'Rojas' into Where do we write the last name, nelima enters 'fabiorojas7@hotmail.com' into Where do we write the E-mail, nelima select January on Where do we write the birth month, nelima select 9 on Where do we write the birth day, nelima select 1981 on Where do we write the birth year, nelima enters 'Spanish' into Where do we write the language, nelima clicks on Button that shows us the your address form]], And nelima registers the form data - your address
| strCity | strCodePostal | strCountry |
| Cúcuta | 540001 | Colombia | [Nelima address user [nelima enters 'Cúcuta' into Where do we write the City, nelima enters '540001' into Where do we write the postal code, nelima clicks on Where do we enable the country list, nelima enters 'Colombia' into Where do we selected the country, nelima clicks on Button that shows us the your devices form]], And nelima registers the form data - your devices
| strComputer | strVersion | strPcLanguage | strMovil | strMovilModel | strMovilModelSO |
| Windows | 10 | Spanish | Realme | C3 | Android 10 | [Nelima devices user [nelima clicks on Where do we enable S.O. list, nelima enters 'Windows' into Where do we selected the S.O. , nelima clicks on Where do we enable the list computer version, nelima enters '10' into Where do we selected the computer version, nelima clicks on Where do we enable the version languages list, nelima enters 'Spanish' then hits [ENTER] into Where do we select the language of the version]]
[Test worker] WARN net.thucydides.core.steps.BaseStepListener - stepStarted: net.thucydides.core.steps.ExecutedStepDescription@7cedd48e
[Test worker] WARN net.thucydides.core.steps.BaseStepListener - stepFinished: current outcome:Create my user on Utest.com:Given nelima wants to create her username on Utest.com [Nelima open up [nelima opens the Utest page]], When nelima registers the form data - about you
| strName | strLastName | strEmail | strLanguage | strBirthMonth | strBirthDay | strBirthYear |
| Fabio | Rojas | fabiorojas7@hotmail.com | Spanish | January | 9 | 1981 | [Nelima register [nelima clicks on Button that shows us the registration form, nelima enters 'Fabio' into Where do we write the first name, nelima enters 'Rojas' into Where do we write the last name, nelima enters 'fabiorojas7@hotmail.com' into Where do we write the E-mail, nelima select January on Where do we write the birth month, nelima select 9 on Where do we write the birth day, nelima select 1981 on Where do we write the birth year, nelima enters 'Spanish' into Where do we write the language, nelima clicks on Button that shows us the your address form]], And nelima registers the form data - your address
| strCity | strCodePostal | strCountry |
| Cúcuta | 540001 | Colombia | [Nelima address user [nelima enters 'Cúcuta' into Where do we write the City, nelima enters '540001' into Where do we write the postal code, nelima clicks on Where do we enable the country list, nelima enters 'Colombia' into Where do we selected the country, nelima clicks on Button that shows us the your devices form]], And nelima registers the form data - your devices
| strComputer | strVersion | strPcLanguage | strMovil | strMovilModel | strMovilModelSO |
| Windows | 10 | Spanish | Realme | C3 | Android 10 | [Nelima devices user [nelima clicks on Where do we enable S.O. list, nelima enters 'Windows' into Where do we selected the S.O. , nelima clicks on Where do we enable the list computer version, nelima enters '10' into Where do we selected the computer version, nelima clicks on Where do we enable the version languages list, nelima enters 'Spanish' then hits [ENTER] into Where do we select the language of the version, nelima clicks on Where do we enable the Mobil list]]
[Test worker] WARN net.thucydides.core.steps.BaseStepListener - stepStarted: net.thucydides.core.steps.ExecutedStepDescription@273c43e6
[Test worker] WARN net.thucydides.core.steps.BaseStepListener - stepFinished: current outcome:Create my user on Utest.com:Given nelima wants to create her username on Utest.com [Nelima open up [nelima opens the Utest page]], When nelima registers the form data - about you
| strName | strLastName | strEmail | strLanguage | strBirthMonth | strBirthDay | strBirthYear |
| Fabio | Rojas | fabiorojas7@hotmail.com | Spanish | January | 9 | 1981 | [Nelima register [nelima clicks on Button that shows us the registration form, nelima enters 'Fabio' into Where do we write the first name, nelima enters 'Rojas' into Where do we write the last name, nelima enters 'fabiorojas7@hotmail.com' into Where do we write the E-mail, nelima select January on Where do we write the birth month, nelima select 9 on Where do we write the birth day, nelima select 1981 on Where do we write the birth year, nelima enters 'Spanish' into Where do we write the language, nelima clicks on Button that shows us the your address form]], And nelima registers the form data - your address
| strCity | strCodePostal | strCountry |
| Cúcuta | 540001 | Colombia | [Nelima address user [nelima enters 'Cúcuta' into Where do we write the City, nelima enters '540001' into Where do we write the postal code, nelima clicks on Where do we enable the country list, nelima enters 'Colombia' into Where do we selected the country, nelima clicks on Button that shows us the your devices form]], And nelima registers the form data - your devices
| strComputer | strVersion | strPcLanguage | strMovil | strMovilModel | strMovilModelSO |
| Windows | 10 | Spanish | Realme | C3 | Android 10 | [Nelima devices user [nelima clicks on Where do we enable S.O. list, nelima enters 'Windows' into Where do we selected the S.O. , nelima clicks on Where do we enable the list computer version, nelima enters '10' into Where do we selected the computer version, nelima clicks on Where do we enable the version languages list, nelima enters 'Spanish' then hits [ENTER] into Where do we select the language of the version, nelima clicks on Where do we enable the Mobil list, nelima enters 'Realme' then hits [ENTER] into Where do we select the Mobil]]
[Test worker] WARN net.thucydides.core.steps.BaseStepListener - stepStarted: net.thucydides.core.steps.ExecutedStepDescription@74a95830
[Test worker] WARN net.thucydides.core.steps.BaseStepListener - stepFinished: current outcome:Create my user on Utest.com:Given nelima wants to create her username on Utest.com [Nelima open up [nelima opens the Utest page]], When nelima registers the form data - about you
| strName | strLastName | strEmail | strLanguage | strBirthMonth | strBirthDay | strBirthYear |
| Fabio | Rojas | fabiorojas7@hotmail.com | Spanish | January | 9 | 1981 | [Nelima register [nelima clicks on Button that shows us the registration form, nelima enters 'Fabio' into Where do we write the first name, nelima enters 'Rojas' into Where do we write the last name, nelima enters 'fabiorojas7@hotmail.com' into Where do we write the E-mail, nelima select January on Where do we write the birth month, nelima select 9 on Where do we write the birth day, nelima select 1981 on Where do we write the birth year, nelima enters 'Spanish' into Where do we write the language, nelima clicks on Button that shows us the your address form]], And nelima registers the form data - your address
| strCity | strCodePostal | strCountry |
| Cúcuta | 540001 | Colombia | [Nelima address user [nelima enters 'Cúcuta' into Where do we write the City, nelima enters '540001' into Where do we write the postal code, nelima clicks on Where do we enable the country list, nelima enters 'Colombia' into Where do we selected the country, nelima clicks on Button that shows us the your devices form]], And nelima registers the form data - your devices
| strComputer | strVersion | strPcLanguage | strMovil | strMovilModel | strMovilModelSO |
| Windows | 10 | Spanish | Realme | C3 | Android 10 | [Nelima devices user [nelima clicks on Where do we enable S.O. list, nelima enters 'Windows' into Where do we selected the S.O. , nelima clicks on Where do we enable the list computer version, nelima enters '10' into Where do we selected the computer version, nelima clicks on Where do we enable the version languages list, nelima enters 'Spanish' then hits [ENTER] into Where do we select the language of the version, nelima clicks on Where do we enable the Mobil list, nelima enters 'Realme' then hits [ENTER] into Where do we select the Mobil, nelima clicks on Where do we enable the Mobil list]]
[Test worker] WARN net.thucydides.core.steps.BaseStepListener - stepStarted: net.thucydides.core.steps.ExecutedStepDescription@6a6323ae
[Test worker] WARN net.thucydides.core.steps.BaseStepListener - stepFinished: current outcome:Create my user on Utest.com:Given nelima wants to create her username on Utest.com [Nelima open up [nelima opens the Utest page]], When nelima registers the form data - about you
| strName | strLastName | strEmail | strLanguage | strBirthMonth | strBirthDay | strBirthYear |
| Fabio | Rojas | fabiorojas7@hotmail.com | Spanish | January | 9 | 1981 | [Nelima register [nelima clicks on Button that shows us the registration form, nelima enters 'Fabio' into Where do we write the first name, nelima enters 'Rojas' into Where do we write the last name, nelima enters 'fabiorojas7@hotmail.com' into Where do we write the E-mail, nelima select January on Where do we write the birth month, nelima select 9 on Where do we write the birth day, nelima select 1981 on Where do we write the birth year, nelima enters 'Spanish' into Where do we write the language, nelima clicks on Button that shows us the your address form]], And nelima registers the form data - your address
| strCity | strCodePostal | strCountry |
| Cúcuta | 540001 | Colombia | [Nelima address user [nelima enters 'Cúcuta' into Where do we write the City, nelima enters '540001' into Where do we write the postal code, nelima clicks on Where do we enable the country list, nelima enters 'Colombia' into Where do we selected the country, nelima clicks on Button that shows us the your devices form]], And nelima registers the form data - your devices
| strComputer | strVersion | strPcLanguage | strMovil | strMovilModel | strMovilModelSO |
| Windows | 10 | Spanish | Realme | C3 | Android 10 | [Nelima devices user [nelima clicks on Where do we enable S.O. list, nelima enters 'Windows' into Where do we selected the S.O. , nelima clicks on Where do we enable the list computer version, nelima enters '10' into Where do we selected the computer version, nelima clicks on Where do we enable the version languages list, nelima enters 'Spanish' then hits [ENTER] into Where do we select the language of the version, nelima clicks on Where do we enable the Mobil list, nelima enters 'Realme' then hits [ENTER] into Where do we select the Mobil, nelima clicks on Where do we enable the Mobil list, nelima enters 'C3' then hits [ENTER] into Where do we select the Mobil]]
[Test worker] WARN net.thucydides.core.steps.BaseStepListener - stepStarted: net.thucydides.core.steps.ExecutedStepDescription@5e3e2ea7
[Test worker] WARN net.thucydides.core.steps.BaseStepListener - stepFinished: current outcome:Create my user on Utest.com:Given nelima wants to create her username on Utest.com [Nelima open up [nelima opens the Utest page]], When nelima registers the form data - about you
| strName | strLastName | strEmail | strLanguage | strBirthMonth | strBirthDay | strBirthYear |
| Fabio | Rojas | fabiorojas7@hotmail.com | Spanish | January | 9 | 1981 | [Nelima register [nelima clicks on Button that shows us the registration form, nelima enters 'Fabio' into Where do we write the first name, nelima enters 'Rojas' into Where do we write the last name, nelima enters 'fabiorojas7@hotmail.com' into Where do we write the E-mail, nelima select January on Where do we write the birth month, nelima select 9 on Where do we write the birth day, nelima select 1981 on Where do we write the birth year, nelima enters 'Spanish' into Where do we write the language, nelima clicks on Button that shows us the your address form]], And nelima registers the form data - your address
| strCity | strCodePostal | strCountry |
| Cúcuta | 540001 | Colombia | [Nelima address user [nelima enters 'Cúcuta' into Where do we write the City, nelima enters '540001' into Where do we write the postal code, nelima clicks on Where do we enable the country list, nelima enters 'Colombia' into Where do we selected the country, nelima clicks on Button that shows us the your devices form]], And nelima registers the form data - your devices
| strComputer | strVersion | strPcLanguage | strMovil | strMovilModel | strMovilModelSO |
| Windows | 10 | Spanish | Realme | C3 | Android 10 | [Nelima devices user [nelima clicks on Where do we enable S.O. list, nelima enters 'Windows' into Where do we selected the S.O. , nelima clicks on Where do we enable the list computer version, nelima enters '10' into Where do we selected the computer version, nelima clicks on Where do we enable the version languages list, nelima enters 'Spanish' then hits [ENTER] into Where do we select the language of the version, nelima clicks on Where do we enable the Mobil list, nelima enters 'Realme' then hits [ENTER] into Where do we select the Mobil, nelima clicks on Where do we enable the Mobil list, nelima enters 'C3' then hits [ENTER] into Where do we select the Mobil, nelima clicks on Where do we enable the Mobil list]]
[Test worker] WARN net.thucydides.core.steps.BaseStepListener - stepStarted: net.thucydides.core.steps.ExecutedStepDescription@57a3c5f1
[Test worker] WARN net.thucydides.core.steps.BaseStepListener - stepFinished: current outcome:Create my user on Utest.com:Given nelima wants to create her username on Utest.com [Nelima open up [nelima opens the Utest page]], When nelima registers the form data - about you
| strName | strLastName | strEmail | strLanguage | strBirthMonth | strBirthDay | strBirthYear |
| Fabio | Rojas | fabiorojas7@hotmail.com | Spanish | January | 9 | 1981 | [Nelima register [nelima clicks on Button that shows us the registration form, nelima enters 'Fabio' into Where do we write the first name, nelima enters 'Rojas' into Where do we write the last name, nelima enters 'fabiorojas7@hotmail.com' into Where do we write the E-mail, nelima select January on Where do we write the birth month, nelima select 9 on Where do we write the birth day, nelima select 1981 on Where do we write the birth year, nelima enters 'Spanish' into Where do we write the language, nelima clicks on Button that shows us the your address form]], And nelima registers the form data - your address
| strCity | strCodePostal | strCountry |
| Cúcuta | 540001 | Colombia | [Nelima address user [nelima enters 'Cúcuta' into Where do we write the City, nelima enters '540001' into Where do we write the postal code, nelima clicks on Where do we enable the country list, nelima enters 'Colombia' into Where do we selected the country, nelima clicks on Button that shows us the your devices form]], And nelima registers the form data - your devices
| strComputer | strVersion | strPcLanguage | strMovil | strMovilModel | strMovilModelSO |
| Windows | 10 | Spanish | Realme | C3 | Android 10 | [Nelima devices user [nelima clicks on Where do we enable S.O. list, nelima enters 'Windows' into Where do we selected the S.O. , nelima clicks on Where do we enable the list computer version, nelima enters '10' into Where do we selected the computer version, nelima clicks on Where do we enable the version languages list, nelima enters 'Spanish' then hits [ENTER] into Where do we select the language of the version, nelima clicks on Where do we enable the Mobil list, nelima enters 'Realme' then hits [ENTER] into Where do we select the Mobil, nelima clicks on Where do we enable the Mobil list, nelima enters 'C3' then hits [ENTER] into Where do we select the Mobil, nelima clicks on Where do we enable the Mobil list, nelima enters 'Android 10' then hits [ENTER] into Where do we select the Mobil]]
[Test worker] WARN net.thucydides.core.steps.BaseStepListener - stepStarted: net.thucydides.core.steps.ExecutedStepDescription@334b10ff
[Test worker] WARN net.thucydides.core.steps.BaseStepListener - stepFinished: current outcome:Create my user on Utest.com:Given nelima wants to create her username on Utest.com [Nelima open up [nelima opens the Utest page]], When nelima registers the form data - about you
| strName | strLastName | strEmail | strLanguage | strBirthMonth | strBirthDay | strBirthYear |
| Fabio | Rojas | fabiorojas7@hotmail.com | Spanish | January | 9 | 1981 | [Nelima register [nelima clicks on Button that shows us the registration form, nelima enters 'Fabio' into Where do we write the first name, nelima enters 'Rojas' into Where do we write the last name, nelima enters 'fabiorojas7@hotmail.com' into Where do we write the E-mail, nelima select January on Where do we write the birth month, nelima select 9 on Where do we write the birth day, nelima select 1981 on Where do we write the birth year, nelima enters 'Spanish' into Where do we write the language, nelima clicks on Button that shows us the your address form]], And nelima registers the form data - your address
| strCity | strCodePostal | strCountry |
| Cúcuta | 540001 | Colombia | [Nelima address user [nelima enters 'Cúcuta' into Where do we write the City, nelima enters '540001' into Where do we write the postal code, nelima clicks on Where do we enable the country list, nelima enters 'Colombia' into Where do we selected the country, nelima clicks on Button that shows us the your devices form]], And nelima registers the form data - your devices
| strComputer | strVersion | strPcLanguage | strMovil | strMovilModel | strMovilModelSO |
| Windows | 10 | Spanish | Realme | C3 | Android 10 | [Nelima devices user [nelima clicks on Where do we enable S.O. list, nelima enters 'Windows' into Where do we selected the S.O. , nelima clicks on Where do we enable the list computer version, nelima enters '10' into Where do we selected the computer version, nelima clicks on Where do we enable the version languages list, nelima enters 'Spanish' then hits [ENTER] into Where do we select the language of the version, nelima clicks on Where do we enable the Mobil list, nelima enters 'Realme' then hits [ENTER] into Where do we select the Mobil, nelima clicks on Where do we enable the Mobil list, nelima enters 'C3' then hits [ENTER] into Where do we select the Mobil, nelima clicks on Where do we enable the Mobil list, nelima enters 'Android 10' then hits [ENTER] into Where do we select the Mobil, nelima clicks on Button that shows us the last step]]
[Test worker] WARN net.thucydides.core.steps.BaseStepListener - stepFinished: current outcome:Create my user on Utest.com:Given nelima wants to create her username on Utest.com [Nelima open up [nelima opens the Utest page]], When nelima registers the form data - about you
| strName | strLastName | strEmail | strLanguage | strBirthMonth | strBirthDay | strBirthYear |
| Fabio | Rojas | fabiorojas7@hotmail.com | Spanish | January | 9 | 1981 | [Nelima register [nelima clicks on Button that shows us the registration form, nelima enters 'Fabio' into Where do we write the first name, nelima enters 'Rojas' into Where do we write the last name, nelima enters 'fabiorojas7@hotmail.com' into Where do we write the E-mail, nelima select January on Where do we write the birth month, nelima select 9 on Where do we write the birth day, nelima select 1981 on Where do we write the birth year, nelima enters 'Spanish' into Where do we write the language, nelima clicks on Button that shows us the your address form]], And nelima registers the form data - your address
| strCity | strCodePostal | strCountry |
| Cúcuta | 540001 | Colombia | [Nelima address user [nelima enters 'Cúcuta' into Where do we write the City, nelima enters '540001' into Where do we write the postal code, nelima clicks on Where do we enable the country list, nelima enters 'Colombia' into Where do we selected the country, nelima clicks on Button that shows us the your devices form]], And nelima registers the form data - your devices
| strComputer | strVersion | strPcLanguage | strMovil | strMovilModel | strMovilModelSO |
| Windows | 10 | Spanish | Realme | C3 | Android 10 | [Nelima devices user [nelima clicks on Where do we enable S.O. list, nelima enters 'Windows' into Where do we selected the S.O. , nelima clicks on Where do we enable the list computer version, nelima enters '10' into Where do we selected the computer version, nelima clicks on Where do we enable the version languages list, nelima enters 'Spanish' then hits [ENTER] into Where do we select the language of the version, nelima clicks on Where do we enable the Mobil list, nelima enters 'Realme' then hits [ENTER] into Where do we select the Mobil, nelima clicks on Where do we enable the Mobil list, nelima enters 'C3' then hits [ENTER] into Where do we select the Mobil, nelima clicks on Where do we enable the Mobil list, nelima enters 'Android 10' then hits [ENTER] into Where do we select the Mobil, nelima clicks on Button that shows us the last step]]
[Test worker] WARN net.thucydides.core.steps.BaseStepListener - stepFinished: current outcome:Create my user on Utest.com:Given nelima wants to create her username on Utest.com [Nelima open up [nelima opens the Utest page]], When nelima registers the form data - about you
| strName | strLastName | strEmail | strLanguage | strBirthMonth | strBirthDay | strBirthYear |
| Fabio | Rojas | fabiorojas7@hotmail.com | Spanish | January | 9 | 1981 | [Nelima register [nelima clicks on Button that shows us the registration form, nelima enters 'Fabio' into Where do we write the first name, nelima enters 'Rojas' into Where do we write the last name, nelima enters 'fabiorojas7@hotmail.com' into Where do we write the E-mail, nelima select January on Where do we write the birth month, nelima select 9 on Where do we write the birth day, nelima select 1981 on Where do we write the birth year, nelima enters 'Spanish' into Where do we write the language, nelima clicks on Button that shows us the your address form]], And nelima registers the form data - your address
| strCity | strCodePostal | strCountry |
| Cúcuta | 540001 | Colombia | [Nelima address user [nelima enters 'Cúcuta' into Where do we write the City, nelima enters '540001' into Where do we write the postal code, nelima clicks on Where do we enable the country list, nelima enters 'Colombia' into Where do we selected the country, nelima clicks on Button that shows us the your devices form]], And nelima registers the form data - your devices
| strComputer | strVersion | strPcLanguage | strMovil | strMovilModel | strMovilModelSO |
| Windows | 10 | Spanish | Realme | C3 | Android 10 | [Nelima devices user [nelima clicks on Where do we enable S.O. list, nelima enters 'Windows' into Where do we selected the S.O. , nelima clicks on Where do we enable the list computer version, nelima enters '10' into Where do we selected the computer version, nelima clicks on Where do we enable the version languages list, nelima enters 'Spanish' then hits [ENTER] into Where do we select the language of the version, nelima clicks on Where do we enable the Mobil list, nelima enters 'Realme' then hits [ENTER] into Where do we select the Mobil, nelima clicks on Where do we enable the Mobil list, nelima enters 'C3' then hits [ENTER] into Where do we select the Mobil, nelima clicks on Where do we enable the Mobil list, nelima enters 'Android 10' then hits [ENTER] into Where do we select the Mobil, nelima clicks on Button that shows us the last step]]
[Test worker] WARN net.thucydides.core.steps.BaseStepListener - stepStarted: net.thucydides.core.steps.ExecutedStepDescription@296de577
[Test worker] WARN net.thucydides.core.steps.BaseStepListener - stepStarted: net.thucydides.core.steps.ExecutedStepDescription@65f76fe3
[Test worker] WARN net.thucydides.core.steps.BaseStepListener - stepStarted: net.thucydides.core.steps.ExecutedStepDescription@509f3f31
[Test worker] WARN net.thucydides.core.steps.BaseStepListener - stepFinished: current outcome:Create my user on Utest.com:Given nelima wants to create her username on Utest.com [Nelima open up [nelima opens the Utest page]], When nelima registers the form data - about you
| strName | strLastName | strEmail | strLanguage | strBirthMonth | strBirthDay | strBirthYear |
| Fabio | Rojas | fabiorojas7@hotmail.com | Spanish | January | 9 | 1981 | [Nelima register [nelima clicks on Button that shows us the registration form, nelima enters 'Fabio' into Where do we write the first name, nelima enters 'Rojas' into Where do we write the last name, nelima enters 'fabiorojas7@hotmail.com' into Where do we write the E-mail, nelima select January on Where do we write the birth month, nelima select 9 on Where do we write the birth day, nelima select 1981 on Where do we write the birth year, nelima enters 'Spanish' into Where do we write the language, nelima clicks on Button that shows us the your address form]], And nelima registers the form data - your address
| strCity | strCodePostal | strCountry |
| Cúcuta | 540001 | Colombia | [Nelima address user [nelima enters 'Cúcuta' into Where do we write the City, nelima enters '540001' into Where do we write the postal code, nelima clicks on Where do we enable the country list, nelima enters 'Colombia' into Where do we selected the country, nelima clicks on Button that shows us the your devices form]], And nelima registers the form data - your devices
| strComputer | strVersion | strPcLanguage | strMovil | strMovilModel | strMovilModelSO |
| Windows | 10 | Spanish | Realme | C3 | Android 10 | [Nelima devices user [nelima clicks on Where do we enable S.O. list, nelima enters 'Windows' into Where do we selected the S.O. , nelima clicks on Where do we enable the list computer version, nelima enters '10' into Where do we selected the computer version, nelima clicks on Where do we enable the version languages list, nelima enters 'Spanish' then hits [ENTER] into Where do we select the language of the version, nelima clicks on Where do we enable the Mobil list, nelima enters 'Realme' then hits [ENTER] into Where do we select the Mobil, nelima clicks on Where do we enable the Mobil list, nelima enters 'C3' then hits [ENTER] into Where do we select the Mobil, nelima clicks on Where do we enable the Mobil list, nelima enters 'Android 10' then hits [ENTER] into Where do we select the Mobil, nelima clicks on Button that shows us the last step]], And nelima registers the form data - Password and checks
| strPassword | strCheckUpdate | booleanCheckTermOfUser | booleanPrivacy |
| UtestNelima86 | true | true | true | [Nelima password user [nelima enters 'UtestNelima86' into Where do we write the password]]
[Test worker] WARN net.thucydides.core.steps.BaseStepListener - stepStarted: net.thucydides.core.steps.ExecutedStepDescription@42c9506c
[Test worker] WARN net.thucydides.core.steps.BaseStepListener - stepFinished: current outcome:Create my user on Utest.com:Given nelima wants to create her username on Utest.com [Nelima open up [nelima opens the Utest page]], When nelima registers the form data - about you
| strName | strLastName | strEmail | strLanguage | strBirthMonth | strBirthDay | strBirthYear |
| Fabio | Rojas | fabiorojas7@hotmail.com | Spanish | January | 9 | 1981 | [Nelima register [nelima clicks on Button that shows us the registration form, nelima enters 'Fabio' into Where do we write the first name, nelima enters 'Rojas' into Where do we write the last name, nelima enters 'fabiorojas7@hotmail.com' into Where do we write the E-mail, nelima select January on Where do we write the birth month, nelima select 9 on Where do we write the birth day, nelima select 1981 on Where do we write the birth year, nelima enters 'Spanish' into Where do we write the language, nelima clicks on Button that shows us the your address form]], And nelima registers the form data - your address
| strCity | strCodePostal | strCountry |
| Cúcuta | 540001 | Colombia | [Nelima address user [nelima enters 'Cúcuta' into Where do we write the City, nelima enters '540001' into Where do we write the postal code, nelima clicks on Where do we enable the country list, nelima enters 'Colombia' into Where do we selected the country, nelima clicks on Button that shows us the your devices form]], And nelima registers the form data - your devices
| strComputer | strVersion | strPcLanguage | strMovil | strMovilModel | strMovilModelSO |
| Windows | 10 | Spanish | Realme | C3 | Android 10 | [Nelima devices user [nelima clicks on Where do we enable S.O. list, nelima enters 'Windows' into Where do we selected the S.O. , nelima clicks on Where do we enable the list computer version, nelima enters '10' into Where do we selected the computer version, nelima clicks on Where do we enable the version languages list, nelima enters 'Spanish' then hits [ENTER] into Where do we select the language of the version, nelima clicks on Where do we enable the Mobil list, nelima enters 'Realme' then hits [ENTER] into Where do we select the Mobil, nelima clicks on Where do we enable the Mobil list, nelima enters 'C3' then hits [ENTER] into Where do we select the Mobil, nelima clicks on Where do we enable the Mobil list, nelima enters 'Android 10' then hits [ENTER] into Where do we select the Mobil, nelima clicks on Button that shows us the last step]], And nelima registers the form data - Password and checks
| strPassword | strCheckUpdate | booleanCheckTermOfUser | booleanPrivacy |
| UtestNelima86 | true | true | true | [Nelima password user [nelima enters 'UtestNelima86' into Where do we write the password, nelima enters 'UtestNelima86' into Where do we confirm the password]]
[Test worker] WARN net.thucydides.core.steps.BaseStepListener - stepStarted: net.thucydides.core.steps.ExecutedStepDescription@30aaf848
[Test worker] WARN net.thucydides.core.steps.BaseStepListener - stepFinished: current outcome:Create my user on Utest.com:Given nelima wants to create her username on Utest.com [Nelima open up [nelima opens the Utest page]], When nelima registers the form data - about you
| strName | strLastName | strEmail | strLanguage | strBirthMonth | strBirthDay | strBirthYear |
| Fabio | Rojas | fabiorojas7@hotmail.com | Spanish | January | 9 | 1981 | [Nelima register [nelima clicks on Button that shows us the registration form, nelima enters 'Fabio' into Where do we write the first name, nelima enters 'Rojas' into Where do we write the last name, nelima enters 'fabiorojas7@hotmail.com' into Where do we write the E-mail, nelima select January on Where do we write the birth month, nelima select 9 on Where do we write the birth day, nelima select 1981 on Where do we write the birth year, nelima enters 'Spanish' into Where do we write the language, nelima clicks on Button that shows us the your address form]], And nelima registers the form data - your address
| strCity | strCodePostal | strCountry |
| Cúcuta | 540001 | Colombia | [Nelima address user [nelima enters 'Cúcuta' into Where do we write the City, nelima enters '540001' into Where do we write the postal code, nelima clicks on Where do we enable the country list, nelima enters 'Colombia' into Where do we selected the country, nelima clicks on Button that shows us the your devices form]], And nelima registers the form data - your devices
| strComputer | strVersion | strPcLanguage | strMovil | strMovilModel | strMovilModelSO |
| Windows | 10 | Spanish | Realme | C3 | Android 10 | [Nelima devices user [nelima clicks on Where do we enable S.O. list, nelima enters 'Windows' into Where do we selected the S.O. , nelima clicks on Where do we enable the list computer version, nelima enters '10' into Where do we selected the computer version, nelima clicks on Where do we enable the version languages list, nelima enters 'Spanish' then hits [ENTER] into Where do we select the language of the version, nelima clicks on Where do we enable the Mobil list, nelima enters 'Realme' then hits [ENTER] into Where do we select the Mobil, nelima clicks on Where do we enable the Mobil list, nelima enters 'C3' then hits [ENTER] into Where do we select the Mobil, nelima clicks on Where do we enable the Mobil list, nelima enters 'Android 10' then hits [ENTER] into Where do we select the Mobil, nelima clicks on Button that shows us the last step]], And nelima registers the form data - Password and checks
| strPassword | strCheckUpdate | booleanCheckTermOfUser | booleanPrivacy |
| UtestNelima86 | true | true | true | [Nelima password user [nelima enters 'UtestNelima86' into Where do we write the password, nelima enters 'UtestNelima86' into Where do we confirm the password, nelima clicks on Where we authorize the update]]
[Test worker] WARN net.thucydides.core.steps.BaseStepListener - stepStarted: net.thucydides.core.steps.ExecutedStepDescription@3fe49be5
[Test worker] WARN net.thucydides.core.steps.BaseStepListener - stepFinished: current outcome:Create my user on Utest.com:Given nelima wants to create her username on Utest.com [Nelima open up [nelima opens the Utest page]], When nelima registers the form data - about you
| strName | strLastName | strEmail | strLanguage | strBirthMonth | strBirthDay | strBirthYear |
| Fabio | Rojas | fabiorojas7@hotmail.com | Spanish | January | 9 | 1981 | [Nelima register [nelima clicks on Button that shows us the registration form, nelima enters 'Fabio' into Where do we write the first name, nelima enters 'Rojas' into Where do we write the last name, nelima enters 'fabiorojas7@hotmail.com' into Where do we write the E-mail, nelima select January on Where do we write the birth month, nelima select 9 on Where do we write the birth day, nelima select 1981 on Where do we write the birth year, nelima enters 'Spanish' into Where do we write the language, nelima clicks on Button that shows us the your address form]], And nelima registers the form data - your address
| strCity | strCodePostal | strCountry |
| Cúcuta | 540001 | Colombia | [Nelima address user [nelima enters 'Cúcuta' into Where do we write the City, nelima enters '540001' into Where do we write the postal code, nelima clicks on Where do we enable the country list, nelima enters 'Colombia' into Where do we selected the country, nelima clicks on Button that shows us the your devices form]], And nelima registers the form data - your devices
| strComputer | strVersion | strPcLanguage | strMovil | strMovilModel | strMovilModelSO |
| Windows | 10 | Spanish | Realme | C3 | Android 10 | [Nelima devices user [nelima clicks on Where do we enable S.O. list, nelima enters 'Windows' into Where do we selected the S.O. , nelima clicks on Where do we enable the list computer version, nelima enters '10' into Where do we selected the computer version, nelima clicks on Where do we enable the version languages list, nelima enters 'Spanish' then hits [ENTER] into Where do we select the language of the version, nelima clicks on Where do we enable the Mobil list, nelima enters 'Realme' then hits [ENTER] into Where do we select the Mobil, nelima clicks on Where do we enable the Mobil list, nelima enters 'C3' then hits [ENTER] into Where do we select the Mobil, nelima clicks on Where do we enable the Mobil list, nelima enters 'Android 10' then hits [ENTER] into Where do we select the Mobil, nelima clicks on Button that shows us the last step]], And nelima registers the form data - Password and checks
| strPassword | strCheckUpdate | booleanCheckTermOfUser | booleanPrivacy |
| UtestNelima86 | true | true | true | [Nelima password user [nelima enters 'UtestNelima86' into Where do we write the password, nelima enters 'UtestNelima86' into Where do we confirm the password, nelima clicks on Where we authorize the update, nelima clicks on Where we authorize the term Of use]]
[Test worker] WARN net.thucydides.core.steps.BaseStepListener - stepStarted: net.thucydides.core.steps.ExecutedStepDescription@3ebee64e
[Test worker] WARN net.thucydides.core.steps.BaseStepListener - stepFinished: current outcome:Create my user on Utest.com:Given nelima wants to create her username on Utest.com [Nelima open up [nelima opens the Utest page]], When nelima registers the form data - about you
| strName | strLastName | strEmail | strLanguage | strBirthMonth | strBirthDay | strBirthYear |
| Fabio | Rojas | fabiorojas7@hotmail.com | Spanish | January | 9 | 1981 | [Nelima register [nelima clicks on Button that shows us the registration form, nelima enters 'Fabio' into Where do we write the first name, nelima enters 'Rojas' into Where do we write the last name, nelima enters 'fabiorojas7@hotmail.com' into Where do we write the E-mail, nelima select January on Where do we write the birth month, nelima select 9 on Where do we write the birth day, nelima select 1981 on Where do we write the birth year, nelima enters 'Spanish' into Where do we write the language, nelima clicks on Button that shows us the your address form]], And nelima registers the form data - your address
| strCity | strCodePostal | strCountry |
| Cúcuta | 540001 | Colombia | [Nelima address user [nelima enters 'Cúcuta' into Where do we write the City, nelima enters '540001' into Where do we write the postal code, nelima clicks on Where do we enable the country list, nelima enters 'Colombia' into Where do we selected the country, nelima clicks on Button that shows us the your devices form]], And nelima registers the form data - your devices
| strComputer | strVersion | strPcLanguage | strMovil | strMovilModel | strMovilModelSO |
| Windows | 10 | Spanish | Realme | C3 | Android 10 | [Nelima devices user [nelima clicks on Where do we enable S.O. list, nelima enters 'Windows' into Where do we selected the S.O. , nelima clicks on Where do we enable the list computer version, nelima enters '10' into Where do we selected the computer version, nelima clicks on Where do we enable the version languages list, nelima enters 'Spanish' then hits [ENTER] into Where do we select the language of the version, nelima clicks on Where do we enable the Mobil list, nelima enters 'Realme' then hits [ENTER] into Where do we select the Mobil, nelima clicks on Where do we enable the Mobil list, nelima enters 'C3' then hits [ENTER] into Where do we select the Mobil, nelima clicks on Where do we enable the Mobil list, nelima enters 'Android 10' then hits [ENTER] into Where do we select the Mobil, nelima clicks on Button that shows us the last step]], And nelima registers the form data - Password and checks
| strPassword | strCheckUpdate | booleanCheckTermOfUser | booleanPrivacy |
| UtestNelima86 | true | true | true | [Nelima password user [nelima enters 'UtestNelima86' into Where do we write the password, nelima enters 'UtestNelima86' into Where do we confirm the password, nelima clicks on Where we authorize the update, nelima clicks on Where we authorize the term Of use, nelima clicks on Where we authorize the privacy policy]]
[Test worker] WARN net.thucydides.core.steps.BaseStepListener - stepStarted: net.thucydides.core.steps.ExecutedStepDescription@479c754f
[Test worker] WARN net.thucydides.core.steps.BaseStepListener - stepFinished: current outcome:Create my user on Utest.com:Given nelima wants to create her username on Utest.com [Nelima open up [nelima opens the Utest page]], When nelima registers the form data - about you
| strName | strLastName | strEmail | strLanguage | strBirthMonth | strBirthDay | strBirthYear |
| Fabio | Rojas | fabiorojas7@hotmail.com | Spanish | January | 9 | 1981 | [Nelima register [nelima clicks on Button that shows us the registration form, nelima enters 'Fabio' into Where do we write the first name, nelima enters 'Rojas' into Where do we write the last name, nelima enters 'fabiorojas7@hotmail.com' into Where do we write the E-mail, nelima select January on Where do we write the birth month, nelima select 9 on Where do we write the birth day, nelima select 1981 on Where do we write the birth year, nelima enters 'Spanish' into Where do we write the language, nelima clicks on Button that shows us the your address form]], And nelima registers the form data - your address
| strCity | strCodePostal | strCountry |
| Cúcuta | 540001 | Colombia | [Nelima address user [nelima enters 'Cúcuta' into Where do we write the City, nelima enters '540001' into Where do we write the postal code, nelima clicks on Where do we enable the country list, nelima enters 'Colombia' into Where do we selected the country, nelima clicks on Button that shows us the your devices form]], And nelima registers the form data - your devices
| strComputer | strVersion | strPcLanguage | strMovil | strMovilModel | strMovilModelSO |
| Windows | 10 | Spanish | Realme | C3 | Android 10 | [Nelima devices user [nelima clicks on Where do we enable S.O. list, nelima enters 'Windows' into Where do we selected the S.O. , nelima clicks on Where do we enable the list computer version, nelima enters '10' into Where do we selected the computer version, nelima clicks on Where do we enable the version languages list, nelima enters 'Spanish' then hits [ENTER] into Where do we select the language of the version, nelima clicks on Where do we enable the Mobil list, nelima enters 'Realme' then hits [ENTER] into Where do we select the Mobil, nelima clicks on Where do we enable the Mobil list, nelima enters 'C3' then hits [ENTER] into Where do we select the Mobil, nelima clicks on Where do we enable the Mobil list, nelima enters 'Android 10' then hits [ENTER] into Where do we select the Mobil, nelima clicks on Button that shows us the last step]], And nelima registers the form data - Password and checks
| strPassword | strCheckUpdate | booleanCheckTermOfUser | booleanPrivacy |
| UtestNelima86 | true | true | true | [Nelima password user [nelima enters 'UtestNelima86' into Where do we write the password, nelima enters 'UtestNelima86' into Where do we confirm the password, nelima clicks on Where we authorize the update, nelima clicks on Where we authorize the term Of use, nelima clicks on Where we authorize the privacy policy, nelima clicks on Where we authorize the privacy policy]]
[Test worker] WARN net.thucydides.core.steps.BaseStepListener - stepFinished: current outcome:Create my user on Utest.com:Given nelima wants to create her username on Utest.com [Nelima open up [nelima opens the Utest page]], When nelima registers the form data - about you
| strName | strLastName | strEmail | strLanguage | strBirthMonth | strBirthDay | strBirthYear |
| Fabio | Rojas | fabiorojas7@hotmail.com | Spanish | January | 9 | 1981 | [Nelima register [nelima clicks on Button that shows us the registration form, nelima enters 'Fabio' into Where do we write the first name, nelima enters 'Rojas' into Where do we write the last name, nelima enters 'fabiorojas7@hotmail.com' into Where do we write the E-mail, nelima select January on Where do we write the birth month, nelima select 9 on Where do we write the birth day, nelima select 1981 on Where do we write the birth year, nelima enters 'Spanish' into Where do we write the language, nelima clicks on Button that shows us the your address form]], And nelima registers the form data - your address
| strCity | strCodePostal | strCountry |
| Cúcuta | 540001 | Colombia | [Nelima address user [nelima enters 'Cúcuta' into Where do we write the City, nelima enters '540001' into Where do we write the postal code, nelima clicks on Where do we enable the country list, nelima enters 'Colombia' into Where do we selected the country, nelima clicks on Button that shows us the your devices form]], And nelima registers the form data - your devices
| strComputer | strVersion | strPcLanguage | strMovil | strMovilModel | strMovilModelSO |
| Windows | 10 | Spanish | Realme | C3 | Android 10 | [Nelima devices user [nelima clicks on Where do we enable S.O. list, nelima enters 'Windows' into Where do we selected the S.O. , nelima clicks on Where do we enable the list computer version, nelima enters '10' into Where do we selected the computer version, nelima clicks on Where do we enable the version languages list, nelima enters 'Spanish' then hits [ENTER] into Where do we select the language of the version, nelima clicks on Where do we enable the Mobil list, nelima enters 'Realme' then hits [ENTER] into Where do we select the Mobil, nelima clicks on Where do we enable the Mobil list, nelima enters 'C3' then hits [ENTER] into Where do we select the Mobil, nelima clicks on Where do we enable the Mobil list, nelima enters 'Android 10' then hits [ENTER] into Where do we select the Mobil, nelima clicks on Button that shows us the last step]], And nelima registers the form data - Password and checks
| strPassword | strCheckUpdate | booleanCheckTermOfUser | booleanPrivacy |
| UtestNelima86 | true | true | true | [Nelima password user [nelima enters 'UtestNelima86' into Where do we write the password, nelima enters 'UtestNelima86' into Where do we confirm the password, nelima clicks on Where we authorize the update, nelima clicks on Where we authorize the term Of use, nelima clicks on Where we authorize the privacy policy, nelima clicks on Where we authorize the privacy policy]]
[Test worker] WARN net.thucydides.core.steps.BaseStepListener - stepFinished: current outcome:Create my user on Utest.com:Given nelima wants to create her username on Utest.com [Nelima open up [nelima opens the Utest page]], When nelima registers the form data - about you
| strName | strLastName | strEmail | strLanguage | strBirthMonth | strBirthDay | strBirthYear |
| Fabio | Rojas | fabiorojas7@hotmail.com | Spanish | January | 9 | 1981 | [Nelima register [nelima clicks on Button that shows us the registration form, nelima enters 'Fabio' into Where do we write the first name, nelima enters 'Rojas' into Where do we write the last name, nelima enters 'fabiorojas7@hotmail.com' into Where do we write the E-mail, nelima select January on Where do we write the birth month, nelima select 9 on Where do we write the birth day, nelima select 1981 on Where do we write the birth year, nelima enters 'Spanish' into Where do we write the language, nelima clicks on Button that shows us the your address form]], And nelima registers the form data - your address
| strCity | strCodePostal | strCountry |
| Cúcuta | 540001 | Colombia | [Nelima address user [nelima enters 'Cúcuta' into Where do we write the City, nelima enters '540001' into Where do we write the postal code, nelima clicks on Where do we enable the country list, nelima enters 'Colombia' into Where do we selected the country, nelima clicks on Button that shows us the your devices form]], And nelima registers the form data - your devices
| strComputer | strVersion | strPcLanguage | strMovil | strMovilModel | strMovilModelSO |
| Windows | 10 | Spanish | Realme | C3 | Android 10 | [Nelima devices user [nelima clicks on Where do we enable S.O. list, nelima enters 'Windows' into Where do we selected the S.O. , nelima clicks on Where do we enable the list computer version, nelima enters '10' into Where do we selected the computer version, nelima clicks on Where do we enable the version languages list, nelima enters 'Spanish' then hits [ENTER] into Where do we select the language of the version, nelima clicks on Where do we enable the Mobil list, nelima enters 'Realme' then hits [ENTER] into Where do we select the Mobil, nelima clicks on Where do we enable the Mobil list, nelima enters 'C3' then hits [ENTER] into Where do we select the Mobil, nelima clicks on Where do we enable the Mobil list, nelima enters 'Android 10' then hits [ENTER] into Where do we select the Mobil, nelima clicks on Button that shows us the last step]], And nelima registers the form data - Password and checks
| strPassword | strCheckUpdate | booleanCheckTermOfUser | booleanPrivacy |
| UtestNelima86 | true | true | true | [Nelima password user [nelima enters 'UtestNelima86' into Where do we write the password, nelima enters 'UtestNelima86' into Where do we confirm the password, nelima clicks on Where we authorize the update, nelima clicks on Where we authorize the term Of use, nelima clicks on Where we authorize the privacy policy, nelima clicks on Where we authorize the privacy policy]]
[Test worker] WARN net.thucydides.core.steps.BaseStepListener - stepStarted: net.thucydides.core.steps.ExecutedStepDescription@728f60bc
[Test worker] WARN net.thucydides.core.steps.BaseStepListener - stepStarted: net.thucydides.core.steps.ExecutedStepDescription@34f9ff9a
[Test worker] WARN net.thucydides.core.steps.BaseStepListener - stepFinished: current outcome:Create my user on Utest.com:Given nelima wants to create her username on Utest.com [Nelima open up [nelima opens the Utest page]], When nelima registers the form data - about you
| strName | strLastName | strEmail | strLanguage | strBirthMonth | strBirthDay | strBirthYear |
| Fabio | Rojas | fabiorojas7@hotmail.com | Spanish | January | 9 | 1981 | [Nelima register [nelima clicks on Button that shows us the registration form, nelima enters 'Fabio' into Where do we write the first name, nelima enters 'Rojas' into Where do we write the last name, nelima enters 'fabiorojas7@hotmail.com' into Where do we write the E-mail, nelima select January on Where do we write the birth month, nelima select 9 on Where do we write the birth day, nelima select 1981 on Where do we write the birth year, nelima enters 'Spanish' into Where do we write the language, nelima clicks on Button that shows us the your address form]], And nelima registers the form data - your address
| strCity | strCodePostal | strCountry |
| Cúcuta | 540001 | Colombia | [Nelima address user [nelima enters 'Cúcuta' into Where do we write the City, nelima enters '540001' into Where do we write the postal code, nelima clicks on Where do we enable the country list, nelima enters 'Colombia' into Where do we selected the country, nelima clicks on Button that shows us the your devices form]], And nelima registers the form data - your devices
| strComputer | strVersion | strPcLanguage | strMovil | strMovilModel | strMovilModelSO |
| Windows | 10 | Spanish | Realme | C3 | Android 10 | [Nelima devices user [nelima clicks on Where do we enable S.O. list, nelima enters 'Windows' into Where do we selected the S.O. , nelima clicks on Where do we enable the list computer version, nelima enters '10' into Where do we selected the computer version, nelima clicks on Where do we enable the version languages list, nelima enters 'Spanish' then hits [ENTER] into Where do we select the language of the version, nelima clicks on Where do we enable the Mobil list, nelima enters 'Realme' then hits [ENTER] into Where do we select the Mobil, nelima clicks on Where do we enable the Mobil list, nelima enters 'C3' then hits [ENTER] into Where do we select the Mobil, nelima clicks on Where do we enable the Mobil list, nelima enters 'Android 10' then hits [ENTER] into Where do we select the Mobil, nelima clicks on Button that shows us the last step]], And nelima registers the form data - Password and checks
| strPassword | strCheckUpdate | booleanCheckTermOfUser | booleanPrivacy |
| UtestNelima86 | true | true | true | [Nelima password user [nelima enters 'UtestNelima86' into Where do we write the password, nelima enters 'UtestNelima86' into Where do we confirm the password, nelima clicks on Where we authorize the update, nelima clicks on Where we authorize the term Of use, nelima clicks on Where we authorize the privacy policy, nelima clicks on Where we authorize the privacy policy]], Then nelima creates her username
| strMsgWelcome |
| Welcome to the world's largest community of freelance software testers! | [Then answer]
[Test worker] WARN net.thucydides.core.steps.BaseStepListener - stepFinished: current outcome:Create my user on Utest.com:Given nelima wants to create her username on Utest.com [Nelima open up [nelima opens the Utest page]], When nelima registers the form data - about you
| strName | strLastName | strEmail | strLanguage | strBirthMonth | strBirthDay | strBirthYear |
| Fabio | Rojas | fabiorojas7@hotmail.com | Spanish | January | 9 | 1981 | [Nelima register [nelima clicks on Button that shows us the registration form, nelima enters 'Fabio' into Where do we write the first name, nelima enters 'Rojas' into Where do we write the last name, nelima enters 'fabiorojas7@hotmail.com' into Where do we write the E-mail, nelima select January on Where do we write the birth month, nelima select 9 on Where do we write the birth day, nelima select 1981 on Where do we write the birth year, nelima enters 'Spanish' into Where do we write the language, nelima clicks on Button that shows us the your address form]], And nelima registers the form data - your address
| strCity | strCodePostal | strCountry |
| Cúcuta | 540001 | Colombia | [Nelima address user [nelima enters 'Cúcuta' into Where do we write the City, nelima enters '540001' into Where do we write the postal code, nelima clicks on Where do we enable the country list, nelima enters 'Colombia' into Where do we selected the country, nelima clicks on Button that shows us the your devices form]], And nelima registers the form data - your devices
| strComputer | strVersion | strPcLanguage | strMovil | strMovilModel | strMovilModelSO |
| Windows | 10 | Spanish | Realme | C3 | Android 10 | [Nelima devices user [nelima clicks on Where do we enable S.O. list, nelima enters 'Windows' into Where do we selected the S.O. , nelima clicks on Where do we enable the list computer version, nelima enters '10' into Where do we selected the computer version, nelima clicks on Where do we enable the version languages list, nelima enters 'Spanish' then hits [ENTER] into Where do we select the language of the version, nelima clicks on Where do we enable the Mobil list, nelima enters 'Realme' then hits [ENTER] into Where do we select the Mobil, nelima clicks on Where do we enable the Mobil list, nelima enters 'C3' then hits [ENTER] into Where do we select the Mobil, nelima clicks on Where do we enable the Mobil list, nelima enters 'Android 10' then hits [ENTER] into Where do we select the Mobil, nelima clicks on Button that shows us the last step]], And nelima registers the form data - Password and checks
| strPassword | strCheckUpdate | booleanCheckTermOfUser | booleanPrivacy |
| UtestNelima86 | true | true | true | [Nelima password user [nelima enters 'UtestNelima86' into Where do we write the password, nelima enters 'UtestNelima86' into Where do we confirm the password, nelima clicks on Where we authorize the update, nelima clicks on Where we authorize the term Of use, nelima clicks on Where we authorize the privacy policy, nelima clicks on Where we authorize the privacy policy]], Then nelima creates her username
| strMsgWelcome |
| Welcome to the world's largest community of freelance software testers! | [Then answer]
[Test worker] WARN net.thucydides.core.steps.BaseStepListener - testFinished: Create my user on Utest.com:Given nelima wants to create her username on Utest.com [Nelima open up [nelima opens the Utest page]], When nelima registers the form data - about you
| strName | strLastName | strEmail | strLanguage | strBirthMonth | strBirthDay | strBirthYear |
| Fabio | Rojas | fabiorojas7@hotmail.com | Spanish | January | 9 | 1981 | [Nelima register [nelima clicks on Button that shows us the registration form, nelima enters 'Fabio' into Where do we write the first name, nelima enters 'Rojas' into Where do we write the last name, nelima enters 'fabiorojas7@hotmail.com' into Where do we write the E-mail, nelima select January on Where do we write the birth month, nelima select 9 on Where do we write the birth day, nelima select 1981 on Where do we write the birth year, nelima enters 'Spanish' into Where do we write the language, nelima clicks on Button that shows us the your address form]], And nelima registers the form data - your address
| strCity | strCodePostal | strCountry |
| Cúcuta | 540001 | Colombia | [Nelima address user [nelima enters 'Cúcuta' into Where do we write the City, nelima enters '540001' into Where do we write the postal code, nelima clicks on Where do we enable the country list, nelima enters 'Colombia' into Where do we selected the country, nelima clicks on Button that shows us the your devices form]], And nelima registers the form data - your devices
| strComputer | strVersion | strPcLanguage | strMovil | strMovilModel | strMovilModelSO |
| Windows | 10 | Spanish | Realme | C3 | Android 10 | [Nelima devices user [nelima clicks on Where do we enable S.O. list, nelima enters 'Windows' into Where do we selected the S.O. , nelima clicks on Where do we enable the list computer version, nelima enters '10' into Where do we selected the computer version, nelima clicks on Where do we enable the version languages list, nelima enters 'Spanish' then hits [ENTER] into Where do we select the language of the version, nelima clicks on Where do we enable the Mobil list, nelima enters 'Realme' then hits [ENTER] into Where do we select the Mobil, nelima clicks on Where do we enable the Mobil list, nelima enters 'C3' then hits [ENTER] into Where do we select the Mobil, nelima clicks on Where do we enable the Mobil list, nelima enters 'Android 10' then hits [ENTER] into Where do we select the Mobil, nelima clicks on Button that shows us the last step]], And nelima registers the form data - Password and checks
| strPassword | strCheckUpdate | booleanCheckTermOfUser | booleanPrivacy |
| UtestNelima86 | true | true | true | [Nelima password user [nelima enters 'UtestNelima86' into Where do we write the password, nelima enters 'UtestNelima86' into Where do we confirm the password, nelima clicks on Where we authorize the update, nelima clicks on Where we authorize the term Of use, nelima clicks on Where we authorize the privacy policy, nelima clicks on Where we authorize the privacy policy]], Then nelima creates her username
| strMsgWelcome |
| Welcome to the world's largest community of freelance software testers! | [Then answer]
[Test worker] WARN net.thucydides.core.steps.BaseStepListener - TestOutcomes: [Create my user on Utest.com:Given nelima wants to create her username on Utest.com [Nelima open up [nelima opens the Utest page]], When nelima registers the form data - about you
| strName | strLastName | strEmail | strLanguage | strBirthMonth | strBirthDay | strBirthYear |
| Fabio | Rojas | fabiorojas7@hotmail.com | Spanish | January | 9 | 1981 | [Nelima register [nelima clicks on Button that shows us the registration form, nelima enters 'Fabio' into Where do we write the first name, nelima enters 'Rojas' into Where do we write the last name, nelima enters 'fabiorojas7@hotmail.com' into Where do we write the E-mail, nelima select January on Where do we write the birth month, nelima select 9 on Where do we write the birth day, nelima select 1981 on Where do we write the birth year, nelima enters 'Spanish' into Where do we write the language, nelima clicks on Button that shows us the your address form]], And nelima registers the form data - your address
| strCity | strCodePostal | strCountry |
| Cúcuta | 540001 | Colombia | [Nelima address user [nelima enters 'Cúcuta' into Where do we write the City, nelima enters '540001' into Where do we write the postal code, nelima clicks on Where do we enable the country list, nelima enters 'Colombia' into Where do we selected the country, nelima clicks on Button that shows us the your devices form]], And nelima registers the form data - your devices
| strComputer | strVersion | strPcLanguage | strMovil | strMovilModel | strMovilModelSO |
| Windows | 10 | Spanish | Realme | C3 | Android 10 | [Nelima devices user [nelima clicks on Where do we enable S.O. list, nelima enters 'Windows' into Where do we selected the S.O. , nelima clicks on Where do we enable the list computer version, nelima enters '10' into Where do we selected the computer version, nelima clicks on Where do we enable the version languages list, nelima enters 'Spanish' then hits [ENTER] into Where do we select the language of the version, nelima clicks on Where do we enable the Mobil list, nelima enters 'Realme' then hits [ENTER] into Where do we select the Mobil, nelima clicks on Where do we enable the Mobil list, nelima enters 'C3' then hits [ENTER] into Where do we select the Mobil, nelima clicks on Where do we enable the Mobil list, nelima enters 'Android 10' then hits [ENTER] into Where do we select the Mobil, nelima clicks on Button that shows us the last step]], And nelima registers the form data - Password and checks
| strPassword | strCheckUpdate | booleanCheckTermOfUser | booleanPrivacy |
| UtestNelima86 | true | true | true | [Nelima password user [nelima enters 'UtestNelima86' into Where do we write the password, nelima enters 'UtestNelima86' into Where do we confirm the password, nelima clicks on Where we authorize the update, nelima clicks on Where we authorize the term Of use, nelima clicks on Where we authorize the privacy policy, nelima clicks on Where we authorize the privacy policy]], Then nelima creates her username
| strMsgWelcome |
| Welcome to the world's largest community of freelance software testers! | [Then answer]]
[Test worker] WARN net.thucydides.core.steps.BaseStepListener - Final testOutcomes: [Create my user on Utest.com:Given nelima wants to create her username on Utest.com [Nelima open up [nelima opens the Utest page]], When nelima registers the form data - about you
| strName | strLastName | strEmail | strLanguage | strBirthMonth | strBirthDay | strBirthYear |
| Fabio | Rojas | fabiorojas7@hotmail.com | Spanish | January | 9 | 1981 | [Nelima register [nelima clicks on Button that shows us the registration form, nelima enters 'Fabio' into Where do we write the first name, nelima enters 'Rojas' into Where do we write the last name, nelima enters 'fabiorojas7@hotmail.com' into Where do we write the E-mail, nelima select January on Where do we write the birth month, nelima select 9 on Where do we write the birth day, nelima select 1981 on Where do we write the birth year, nelima enters 'Spanish' into Where do we write the language, nelima clicks on Button that shows us the your address form]], And nelima registers the form data - your address
| strCity | strCodePostal | strCountry |
| Cúcuta | 540001 | Colombia | [Nelima address user [nelima enters 'Cúcuta' into Where do we write the City, nelima enters '540001' into Where do we write the postal code, nelima clicks on Where do we enable the country list, nelima enters 'Colombia' into Where do we selected the country, nelima clicks on Button that shows us the your devices form]], And nelima registers the form data - your devices
| strComputer | strVersion | strPcLanguage | strMovil | strMovilModel | strMovilModelSO |
| Windows | 10 | Spanish | Realme | C3 | Android 10 | [Nelima devices user [nelima clicks on Where do we enable S.O. list, nelima enters 'Windows' into Where do we selected the S.O. , nelima clicks on Where do we enable the list computer version, nelima enters '10' into Where do we selected the computer version, nelima clicks on Where do we enable the version languages list, nelima enters 'Spanish' then hits [ENTER] into Where do we select the language of the version, nelima clicks on Where do we enable the Mobil list, nelima enters 'Realme' then hits [ENTER] into Where do we select the Mobil, nelima clicks on Where do we enable the Mobil list, nelima enters 'C3' then hits [ENTER] into Where do we select the Mobil, nelima clicks on Where do we enable the Mobil list, nelima enters 'Android 10' then hits [ENTER] into Where do we select the Mobil, nelima clicks on Button that shows us the last step]], And nelima registers the form data - Password and checks
| strPassword | strCheckUpdate | booleanCheckTermOfUser | booleanPrivacy |
| UtestNelima86 | true | true | true | [Nelima password user [nelima enters 'UtestNelima86' into Where do we write the password, nelima enters 'UtestNelima86' into Where do we confirm the password, nelima clicks on Where we authorize the update, nelima clicks on Where we authorize the term Of use, nelima clicks on Where we authorize the privacy policy, nelima clicks on Where we authorize the privacy policy]], Then nelima creates her username
| strMsgWelcome |
| Welcome to the world's largest community of freelance software testers! | [Then answer]]
[Test worker] INFO net.thucydides.core.steps.ConsoleLoggingListener - 
        __    _____ _____ ____ _____   ____   _    ____  ____  _____ ____  
  _     \ \  |_   _| ____/ ___|_   _| |  _ \ / \  / ___|/ ___|| ____|  _ \ 
 (_)_____| |   | | |  _| \___ \ | |   | |_) / _ \ \___ \\___ \|  _| | | | |
  _|_____| |   | | | |___ ___) || |   |  __/ ___ \ ___) |___) | |___| |_| |
 (_)     | |   |_| |_____|____/ |_|   |_| /_/   \_\____/|____/|_____|____/ 
        /_/                                                                

TEST PASSED: Create my user on Utest.com
----------------------------------------------------------------------------
]]></system-err>
</testsuite>
